;  LST file generated by mikroListExporter - v.2.0 
; Date/Time: 06/03/2014 12:15:08 p. m.
;----------------------------------------------

;Address Opcode 	ASM
____SysVT:
0x0000	0x1FFC2000  	536879100
0x0004	0x04A50000  	1189
0x0008	0x049D0000  	1181
0x000C	0x049D0000  	1181
0x0010	0x049D0000  	1181
0x0014	0x049D0000  	1181
0x0018	0x049D0000  	1181
0x001C	0x049D0000  	1181
0x0020	0x049D0000  	1181
0x0024	0x049D0000  	1181
0x0028	0x049D0000  	1181
0x002C	0x049D0000  	1181
0x0030	0x049D0000  	1181
0x0034	0x049D0000  	1181
0x0038	0x049D0000  	1181
0x003C	0x049D0000  	1181
0x0040	0x049D0000  	1181
0x0044	0x049D0000  	1181
0x0048	0x049D0000  	1181
0x004C	0x049D0000  	1181
0x0050	0x049D0000  	1181
0x0054	0x049D0000  	1181
0x0058	0x049D0000  	1181
0x005C	0x049D0000  	1181
0x0060	0x049D0000  	1181
0x0064	0x049D0000  	1181
0x0068	0x049D0000  	1181
0x006C	0x049D0000  	1181
0x0070	0x049D0000  	1181
0x0074	0x049D0000  	1181
0x0078	0x049D0000  	1181
0x007C	0x049D0000  	1181
0x0080	0x049D0000  	1181
0x0084	0x049D0000  	1181
0x0088	0x049D0000  	1181
0x008C	0x049D0000  	1181
0x0090	0x049D0000  	1181
0x0094	0x049D0000  	1181
0x0098	0x049D0000  	1181
0x009C	0x049D0000  	1181
0x00A0	0x049D0000  	1181
0x00A4	0x049D0000  	1181
0x00A8	0x049D0000  	1181
0x00AC	0x049D0000  	1181
0x00B0	0x049D0000  	1181
0x00B4	0x049D0000  	1181
0x00B8	0x049D0000  	1181
0x00BC	0x049D0000  	1181
0x00C0	0x049D0000  	1181
0x00C4	0x049D0000  	1181
0x00C8	0x049D0000  	1181
0x00CC	0x049D0000  	1181
0x00D0	0x049D0000  	1181
0x00D4	0x049D0000  	1181
0x00D8	0x049D0000  	1181
0x00DC	0x049D0000  	1181
0x00E0	0x049D0000  	1181
0x00E4	0x049D0000  	1181
0x00E8	0x049D0000  	1181
0x00EC	0x049D0000  	1181
0x00F0	0x049D0000  	1181
0x00F4	0x049D0000  	1181
0x00F8	0x049D0000  	1181
0x00FC	0x049D0000  	1181
0x0100	0x049D0000  	1181
0x0104	0x049D0000  	1181
0x0108	0x049D0000  	1181
0x010C	0x049D0000  	1181
0x0110	0x049D0000  	1181
0x0114	0x049D0000  	1181
0x0118	0x049D0000  	1181
0x011C	0x049D0000  	1181
0x0120	0x049D0000  	1181
0x0124	0x049D0000  	1181
0x0128	0x049D0000  	1181
0x012C	0x049D0000  	1181
0x0130	0x049D0000  	1181
; end of ____SysVT
_main:
;MyProject.c, 8 :: 		void main() {
0x04A4	0xB081    SUB	SP, SP, #4
0x04A6	0xF000F831  BL	1292
0x04AA	0xF000F881  BL	1456
0x04AE	0xF7FFFFEB  BL	1160
;MyProject.c, 9 :: 		Config_ptos();
0x04B2	0xF7FFFFC7  BL	_Config_ptos+0
;MyProject.c, 10 :: 		while(1){
L_main0:
;MyProject.c, 11 :: 		if(GPIOA_IDR.B0)
0x04B6	0x4911    LDR	R1, [PC, #68]
0x04B8	0x6808    LDR	R0, [R1, #0]
0x04BA	0xB130    CBZ	R0, L_main2
;MyProject.c, 13 :: 		LED=0;
0x04BC	0x2100    MOVS	R1, #0
0x04BE	0xB249    SXTB	R1, R1
0x04C0	0x480F    LDR	R0, [PC, #60]
0x04C2	0x6001    STR	R1, [R0, #0]
;MyProject.c, 14 :: 		LED1=0;
0x04C4	0x480F    LDR	R0, [PC, #60]
0x04C6	0x6001    STR	R1, [R0, #0]
;MyProject.c, 15 :: 		}
0x04C8	0xE016    B	L_main3
L_main2:
;MyProject.c, 18 :: 		LED=1;
0x04CA	0x2101    MOVS	R1, #1
0x04CC	0xB249    SXTB	R1, R1
0x04CE	0x480C    LDR	R0, [PC, #48]
0x04D0	0x6001    STR	R1, [R0, #0]
;MyProject.c, 19 :: 		LED1=0;
0x04D2	0x2100    MOVS	R1, #0
0x04D4	0xB249    SXTB	R1, R1
0x04D6	0x480B    LDR	R0, [PC, #44]
0x04D8	0x9000    STR	R0, [SP, #0]
0x04DA	0x6001    STR	R1, [R0, #0]
;MyProject.c, 20 :: 		delay(0xFFFFF);
0x04DC	0x480A    LDR	R0, [PC, #40]
0x04DE	0xF7FFFFAB  BL	_delay+0
;MyProject.c, 21 :: 		LED=0;
0x04E2	0x2100    MOVS	R1, #0
0x04E4	0xB249    SXTB	R1, R1
0x04E6	0x4806    LDR	R0, [PC, #24]
0x04E8	0x6001    STR	R1, [R0, #0]
;MyProject.c, 22 :: 		LED1=1;
0x04EA	0x2101    MOVS	R1, #1
0x04EC	0xB249    SXTB	R1, R1
0x04EE	0x9800    LDR	R0, [SP, #0]
0x04F0	0x6001    STR	R1, [R0, #0]
;MyProject.c, 23 :: 		delay(0xFFFFF);
0x04F2	0x4805    LDR	R0, [PC, #20]
0x04F4	0xF7FFFFA0  BL	_delay+0
;MyProject.c, 24 :: 		}
L_main3:
;MyProject.c, 26 :: 		}
0x04F8	0xE7DD    B	L_main0
;MyProject.c, 27 :: 		}
L_end_main:
L__main_end_loop:
0x04FA	0xE7FE    B	L__main_end_loop
0x04FC	0x01004221  	GPIOA_IDR+0
0x0500	0x01A04222  	GPIOC_ODRbits+0
0x0504	0x01A44222  	GPIOC_ODRbits+0
0x0508	0xFFFF000F  	#1048575
; end of _main
_Config_ptos:
;MyProject.c, 29 :: 		void Config_ptos(void) //Función para configurar los puertos E/S
0x0444	0xB081    SUB	SP, SP, #4
0x0446	0xF8CDE000  STR	LR, [SP, #0]
;MyProject.c, 31 :: 		GPIO_Digital_Input(&GPIOA_BASE,_GPIO_PINMASK_0);
0x044A	0xF2400101  MOVW	R1, #1
0x044E	0x480A    LDR	R0, [PC, #40]
0x0450	0xF7FFFFBE  BL	_GPIO_Digital_Input+0
;MyProject.c, 32 :: 		GPIO_Digital_Output(&GPIOC_BASE,_GPIO_PINMASK_8|_GPIO_PINMASK_9);
0x0454	0xF2403100  MOVW	R1, #768
0x0458	0x4808    LDR	R0, [PC, #32]
0x045A	0xF7FFFFAB  BL	_GPIO_Digital_Output+0
;MyProject.c, 33 :: 		LED=0;
0x045E	0x2100    MOVS	R1, #0
0x0460	0xB249    SXTB	R1, R1
0x0462	0x4807    LDR	R0, [PC, #28]
0x0464	0x6001    STR	R1, [R0, #0]
;MyProject.c, 34 :: 		LED1=1;
0x0466	0x2101    MOVS	R1, #1
0x0468	0xB249    SXTB	R1, R1
0x046A	0x4806    LDR	R0, [PC, #24]
0x046C	0x6001    STR	R1, [R0, #0]
;MyProject.c, 35 :: 		}
L_end_Config_ptos:
0x046E	0xF8DDE000  LDR	LR, [SP, #0]
0x0472	0xB001    ADD	SP, SP, #4
0x0474	0x4770    BX	LR
0x0476	0xBF00    NOP
0x0478	0x08004001  	GPIOA_BASE+0
0x047C	0x10004001  	GPIOC_BASE+0
0x0480	0x01A04222  	GPIOC_ODRbits+0
0x0484	0x01A44222  	GPIOC_ODRbits+0
; end of _Config_ptos
_GPIO_Digital_Input:
;__Lib_GPIO_32F10x.c, 1136 :: 		
; pin_mask start address is: 4 (R1)
0x03D0	0xB081    SUB	SP, SP, #4
0x03D2	0xF8CDE000  STR	LR, [SP, #0]
; pin_mask end address is: 4 (R1)
; pin_mask start address is: 4 (R1)
;__Lib_GPIO_32F10x.c, 1137 :: 		
0x03D6	0xF04F0242  MOV	R2, #66
0x03DA	0xB289    UXTH	R1, R1
; pin_mask end address is: 4 (R1)
0x03DC	0xF7FFFEF0  BL	_GPIO_Config+0
;__Lib_GPIO_32F10x.c, 1138 :: 		
L_end_GPIO_Digital_Input:
0x03E0	0xF8DDE000  LDR	LR, [SP, #0]
0x03E4	0xB001    ADD	SP, SP, #4
0x03E6	0x4770    BX	LR
; end of _GPIO_Digital_Input
_GPIO_Config:
;__Lib_GPIO_32F10x.c, 891 :: 		
; config start address is: 8 (R2)
; pin_mask start address is: 4 (R1)
0x01C0	0xB081    SUB	SP, SP, #4
0x01C2	0xF8CDE000  STR	LR, [SP, #0]
0x01C6	0xB28C    UXTH	R4, R1
0x01C8	0x4615    MOV	R5, R2
; config end address is: 8 (R2)
; pin_mask end address is: 4 (R1)
; pin_mask start address is: 16 (R4)
; config start address is: 20 (R5)
;__Lib_GPIO_32F10x.c, 896 :: 		
0x01CA	0x4B77    LDR	R3, [PC, #476]
0x01CC	0xEA000303  AND	R3, R0, R3, LSL #0
; port start address is: 24 (R6)
0x01D0	0x461E    MOV	R6, R3
;__Lib_GPIO_32F10x.c, 898 :: 		
0x01D2	0x4618    MOV	R0, R3
0x01D4	0xF7FFFFAE  BL	_GPIO_Clk_Enable+0
;__Lib_GPIO_32F10x.c, 901 :: 		
0x01D8	0xF1B40FFF  CMP	R4, #255
0x01DC	0xD10C    BNE	L_GPIO_Config18
;__Lib_GPIO_32F10x.c, 902 :: 		
0x01DE	0x4B73    LDR	R3, [PC, #460]
0x01E0	0x429D    CMP	R5, R3
0x01E2	0xD103    BNE	L_GPIO_Config19
; pin_mask end address is: 16 (R4)
; config end address is: 20 (R5)
;__Lib_GPIO_32F10x.c, 903 :: 		
0x01E4	0xF04F3333  MOV	R3, #858993459
0x01E8	0x6033    STR	R3, [R6, #0]
; port end address is: 24 (R6)
;__Lib_GPIO_32F10x.c, 904 :: 		
0x01EA	0xE0D9    B	L_end_GPIO_Config
;__Lib_GPIO_32F10x.c, 905 :: 		
L_GPIO_Config19:
;__Lib_GPIO_32F10x.c, 906 :: 		
; port start address is: 24 (R6)
; config start address is: 20 (R5)
; pin_mask start address is: 16 (R4)
0x01EC	0x2D42    CMP	R5, #66
0x01EE	0xD103    BNE	L_GPIO_Config20
; pin_mask end address is: 16 (R4)
; config end address is: 20 (R5)
;__Lib_GPIO_32F10x.c, 907 :: 		
0x01F0	0xF04F3344  MOV	R3, #1145324612
0x01F4	0x6033    STR	R3, [R6, #0]
; port end address is: 24 (R6)
;__Lib_GPIO_32F10x.c, 908 :: 		
0x01F6	0xE0D3    B	L_end_GPIO_Config
;__Lib_GPIO_32F10x.c, 909 :: 		
L_GPIO_Config20:
;__Lib_GPIO_32F10x.c, 910 :: 		
; port start address is: 24 (R6)
; config start address is: 20 (R5)
; pin_mask start address is: 16 (R4)
L_GPIO_Config18:
;__Lib_GPIO_32F10x.c, 912 :: 		
0x01F8	0xF64F73FF  MOVW	R3, #65535
0x01FC	0x429C    CMP	R4, R3
0x01FE	0xD114    BNE	L_GPIO_Config21
;__Lib_GPIO_32F10x.c, 913 :: 		
0x0200	0x4B6A    LDR	R3, [PC, #424]
0x0202	0x429D    CMP	R5, R3
0x0204	0xD107    BNE	L_GPIO_Config22
; pin_mask end address is: 16 (R4)
; config end address is: 20 (R5)
;__Lib_GPIO_32F10x.c, 914 :: 		
0x0206	0xF04F3333  MOV	R3, #858993459
0x020A	0x6033    STR	R3, [R6, #0]
;__Lib_GPIO_32F10x.c, 915 :: 		
0x020C	0x1D34    ADDS	R4, R6, #4
; port end address is: 24 (R6)
0x020E	0xF04F3333  MOV	R3, #858993459
0x0212	0x6023    STR	R3, [R4, #0]
;__Lib_GPIO_32F10x.c, 916 :: 		
0x0214	0xE0C4    B	L_end_GPIO_Config
;__Lib_GPIO_32F10x.c, 917 :: 		
L_GPIO_Config22:
;__Lib_GPIO_32F10x.c, 918 :: 		
; port start address is: 24 (R6)
; config start address is: 20 (R5)
; pin_mask start address is: 16 (R4)
0x0216	0x2D42    CMP	R5, #66
0x0218	0xD107    BNE	L_GPIO_Config23
; pin_mask end address is: 16 (R4)
; config end address is: 20 (R5)
;__Lib_GPIO_32F10x.c, 919 :: 		
0x021A	0xF04F3344  MOV	R3, #1145324612
0x021E	0x6033    STR	R3, [R6, #0]
;__Lib_GPIO_32F10x.c, 920 :: 		
0x0220	0x1D34    ADDS	R4, R6, #4
; port end address is: 24 (R6)
0x0222	0xF04F3344  MOV	R3, #1145324612
0x0226	0x6023    STR	R3, [R4, #0]
;__Lib_GPIO_32F10x.c, 921 :: 		
0x0228	0xE0BA    B	L_end_GPIO_Config
;__Lib_GPIO_32F10x.c, 922 :: 		
L_GPIO_Config23:
;__Lib_GPIO_32F10x.c, 923 :: 		
; port start address is: 24 (R6)
; config start address is: 20 (R5)
; pin_mask start address is: 16 (R4)
L_GPIO_Config21:
;__Lib_GPIO_32F10x.c, 925 :: 		
; currentmode start address is: 4 (R1)
0x022A	0x2100    MOVS	R1, #0
;__Lib_GPIO_32F10x.c, 926 :: 		
0x022C	0x2000    MOVS	R0, #0
;__Lib_GPIO_32F10x.c, 928 :: 		
0x022E	0xF0050301  AND	R3, R5, #1
0x0232	0xB10B    CBZ	R3, L_GPIO_Config24
;__Lib_GPIO_32F10x.c, 929 :: 		
0x0234	0x2100    MOVS	R1, #0
0x0236	0xE01D    B	L_GPIO_Config25
L_GPIO_Config24:
;__Lib_GPIO_32F10x.c, 930 :: 		
0x0238	0xF0050302  AND	R3, R5, #2
0x023C	0xB133    CBZ	R3, L_GPIO_Config26
; currentmode end address is: 4 (R1)
;__Lib_GPIO_32F10x.c, 931 :: 		
0x023E	0xF40573C0  AND	R3, R5, #384
0x0242	0xB10B    CBZ	R3, L_GPIO_Config27
;__Lib_GPIO_32F10x.c, 932 :: 		
; currentmode start address is: 4 (R1)
0x0244	0x2108    MOVS	R1, #8
; currentmode end address is: 4 (R1)
0x0246	0xE000    B	L_GPIO_Config28
L_GPIO_Config27:
;__Lib_GPIO_32F10x.c, 934 :: 		
; currentmode start address is: 4 (R1)
0x0248	0x2104    MOVS	R1, #4
; currentmode end address is: 4 (R1)
L_GPIO_Config28:
;__Lib_GPIO_32F10x.c, 935 :: 		
; currentmode start address is: 4 (R1)
0x024A	0xE013    B	L_GPIO_Config29
L_GPIO_Config26:
;__Lib_GPIO_32F10x.c, 936 :: 		
0x024C	0xF0050304  AND	R3, R5, #4
0x0250	0xB133    CBZ	R3, L_GPIO_Config30
; currentmode end address is: 4 (R1)
;__Lib_GPIO_32F10x.c, 937 :: 		
0x0252	0xF0050320  AND	R3, R5, #32
0x0256	0xB10B    CBZ	R3, L_GPIO_Config31
;__Lib_GPIO_32F10x.c, 938 :: 		
; currentmode start address is: 4 (R1)
0x0258	0x2104    MOVS	R1, #4
; currentmode end address is: 4 (R1)
0x025A	0xE000    B	L_GPIO_Config32
L_GPIO_Config31:
;__Lib_GPIO_32F10x.c, 940 :: 		
; currentmode start address is: 4 (R1)
0x025C	0x2100    MOVS	R1, #0
; currentmode end address is: 4 (R1)
L_GPIO_Config32:
;__Lib_GPIO_32F10x.c, 941 :: 		
; currentmode start address is: 4 (R1)
0x025E	0xE009    B	L_GPIO_Config33
L_GPIO_Config30:
;__Lib_GPIO_32F10x.c, 942 :: 		
0x0260	0xF0050308  AND	R3, R5, #8
0x0264	0xB133    CBZ	R3, L__GPIO_Config100
; currentmode end address is: 4 (R1)
;__Lib_GPIO_32F10x.c, 943 :: 		
0x0266	0xF0050320  AND	R3, R5, #32
0x026A	0xB10B    CBZ	R3, L_GPIO_Config35
;__Lib_GPIO_32F10x.c, 944 :: 		
; currentmode start address is: 4 (R1)
0x026C	0x210C    MOVS	R1, #12
; currentmode end address is: 4 (R1)
0x026E	0xE000    B	L_GPIO_Config36
L_GPIO_Config35:
;__Lib_GPIO_32F10x.c, 946 :: 		
; currentmode start address is: 4 (R1)
0x0270	0x2108    MOVS	R1, #8
; currentmode end address is: 4 (R1)
L_GPIO_Config36:
;__Lib_GPIO_32F10x.c, 947 :: 		
; currentmode start address is: 4 (R1)
; currentmode end address is: 4 (R1)
0x0272	0xE7FF    B	L_GPIO_Config34
L__GPIO_Config100:
;__Lib_GPIO_32F10x.c, 942 :: 		
;__Lib_GPIO_32F10x.c, 947 :: 		
L_GPIO_Config34:
; currentmode start address is: 4 (R1)
; currentmode end address is: 4 (R1)
L_GPIO_Config33:
; currentmode start address is: 4 (R1)
; currentmode end address is: 4 (R1)
L_GPIO_Config29:
; currentmode start address is: 4 (R1)
; currentmode end address is: 4 (R1)
L_GPIO_Config25:
;__Lib_GPIO_32F10x.c, 949 :: 		
; currentmode start address is: 4 (R1)
0x0274	0x4B4E    LDR	R3, [PC, #312]
0x0276	0xEA050303  AND	R3, R5, R3, LSL #0
0x027A	0xB10B    CBZ	R3, L_GPIO_Config37
;__Lib_GPIO_32F10x.c, 950 :: 		
0x027C	0x2003    MOVS	R0, #3
0x027E	0xE009    B	L_GPIO_Config38
L_GPIO_Config37:
;__Lib_GPIO_32F10x.c, 951 :: 		
0x0280	0xF4057300  AND	R3, R5, #512
0x0284	0xB10B    CBZ	R3, L_GPIO_Config39
;__Lib_GPIO_32F10x.c, 952 :: 		
0x0286	0x2002    MOVS	R0, #2
0x0288	0xE004    B	L_GPIO_Config40
L_GPIO_Config39:
;__Lib_GPIO_32F10x.c, 953 :: 		
0x028A	0xF4056380  AND	R3, R5, #1024
0x028E	0xB10B    CBZ	R3, L__GPIO_Config101
;__Lib_GPIO_32F10x.c, 954 :: 		
0x0290	0x2001    MOVS	R0, #1
0x0292	0xE7FF    B	L_GPIO_Config41
L__GPIO_Config101:
;__Lib_GPIO_32F10x.c, 953 :: 		
;__Lib_GPIO_32F10x.c, 954 :: 		
L_GPIO_Config41:
L_GPIO_Config40:
L_GPIO_Config38:
;__Lib_GPIO_32F10x.c, 956 :: 		
;__Lib_GPIO_32F10x.c, 962 :: 		
0x0294	0xF005030C  AND	R3, R5, #12
0x0298	0xB10B    CBZ	R3, L__GPIO_Config102
;__Lib_GPIO_32F10x.c, 965 :: 		
0x029A	0x4301    ORRS	R1, R0
; currentmode end address is: 4 (R1)
;__Lib_GPIO_32F10x.c, 966 :: 		
0x029C	0xE7FF    B	L_GPIO_Config42
L__GPIO_Config102:
;__Lib_GPIO_32F10x.c, 962 :: 		
;__Lib_GPIO_32F10x.c, 966 :: 		
L_GPIO_Config42:
;__Lib_GPIO_32F10x.c, 968 :: 		
; currentmode start address is: 4 (R1)
0x029E	0xF00403FF  AND	R3, R4, #255
0x02A2	0xB29B    UXTH	R3, R3
0x02A4	0x2B00    CMP	R3, #0
0x02A6	0xD03B    BEQ	L__GPIO_Config104
;__Lib_GPIO_32F10x.c, 969 :: 		
0x02A8	0x6837    LDR	R7, [R6, #0]
; tmpreg start address is: 28 (R7)
;__Lib_GPIO_32F10x.c, 971 :: 		
0x02AA	0x2000    MOVS	R0, #0
; pin_mask end address is: 16 (R4)
; config end address is: 20 (R5)
; currentmode end address is: 4 (R1)
; tmpreg end address is: 28 (R7)
; port end address is: 24 (R6)
0x02AC	0xFA1FF884  UXTH	R8, R4
0x02B0	0x4632    MOV	R2, R6
0x02B2	0x462E    MOV	R6, R5
L_GPIO_Config44:
; tmpreg start address is: 28 (R7)
; currentmode start address is: 4 (R1)
; port start address is: 8 (R2)
; config start address is: 24 (R6)
; pin_mask start address is: 32 (R8)
0x02B4	0x2808    CMP	R0, #8
0x02B6	0xD22C    BCS	L_GPIO_Config45
;__Lib_GPIO_32F10x.c, 973 :: 		
0x02B8	0xF04F0301  MOV	R3, #1
0x02BC	0xFA03F400  LSL	R4, R3, R0
;__Lib_GPIO_32F10x.c, 975 :: 		
0x02C0	0xEA080304  AND	R3, R8, R4, LSL #0
;__Lib_GPIO_32F10x.c, 977 :: 		
0x02C4	0x42A3    CMP	R3, R4
0x02C6	0xD122    BNE	L__GPIO_Config103
;__Lib_GPIO_32F10x.c, 979 :: 		
0x02C8	0x0085    LSLS	R5, R0, #2
;__Lib_GPIO_32F10x.c, 981 :: 		
0x02CA	0xF04F030F  MOV	R3, #15
0x02CE	0x40AB    LSLS	R3, R5
;__Lib_GPIO_32F10x.c, 982 :: 		
0x02D0	0x43DB    MVN	R3, R3
0x02D2	0xEA070403  AND	R4, R7, R3, LSL #0
; tmpreg end address is: 28 (R7)
;__Lib_GPIO_32F10x.c, 985 :: 		
0x02D6	0xFA01F305  LSL	R3, R1, R5
0x02DA	0xEA440303  ORR	R3, R4, R3, LSL #0
; tmpreg start address is: 20 (R5)
0x02DE	0x461D    MOV	R5, R3
;__Lib_GPIO_32F10x.c, 988 :: 		
0x02E0	0xF4067381  AND	R3, R6, #258
0x02E4	0xF5B37F81  CMP	R3, #258
0x02E8	0xD105    BNE	L_GPIO_Config48
;__Lib_GPIO_32F10x.c, 990 :: 		
0x02EA	0xF2020414  ADDW	R4, R2, #20
0x02EE	0xF04F0301  MOV	R3, #1
0x02F2	0x4083    LSLS	R3, R0
0x02F4	0x6023    STR	R3, [R4, #0]
;__Lib_GPIO_32F10x.c, 991 :: 		
L_GPIO_Config48:
;__Lib_GPIO_32F10x.c, 993 :: 		
0x02F6	0xF0060382  AND	R3, R6, #130
0x02FA	0x2B82    CMP	R3, #130
0x02FC	0xD105    BNE	L_GPIO_Config49
;__Lib_GPIO_32F10x.c, 995 :: 		
0x02FE	0xF2020410  ADDW	R4, R2, #16
0x0302	0xF04F0301  MOV	R3, #1
0x0306	0x4083    LSLS	R3, R0
0x0308	0x6023    STR	R3, [R4, #0]
;__Lib_GPIO_32F10x.c, 996 :: 		
L_GPIO_Config49:
;__Lib_GPIO_32F10x.c, 997 :: 		
0x030A	0x462F    MOV	R7, R5
0x030C	0xE7FF    B	L_GPIO_Config47
; tmpreg end address is: 20 (R5)
L__GPIO_Config103:
;__Lib_GPIO_32F10x.c, 977 :: 		
;__Lib_GPIO_32F10x.c, 997 :: 		
L_GPIO_Config47:
;__Lib_GPIO_32F10x.c, 971 :: 		
; tmpreg start address is: 28 (R7)
0x030E	0x1C40    ADDS	R0, R0, #1
;__Lib_GPIO_32F10x.c, 998 :: 		
0x0310	0xE7D0    B	L_GPIO_Config44
L_GPIO_Config45:
;__Lib_GPIO_32F10x.c, 999 :: 		
0x0312	0x6017    STR	R7, [R2, #0]
; currentmode end address is: 4 (R1)
; port end address is: 8 (R2)
; config end address is: 24 (R6)
; pin_mask end address is: 32 (R8)
; tmpreg end address is: 28 (R7)
0x0314	0xFA1FF088  UXTH	R0, R8
0x0318	0x460F    MOV	R7, R1
0x031A	0x4631    MOV	R1, R6
0x031C	0x4616    MOV	R6, R2
;__Lib_GPIO_32F10x.c, 1001 :: 		
0x031E	0xE002    B	L_GPIO_Config43
L__GPIO_Config104:
;__Lib_GPIO_32F10x.c, 968 :: 		
0x0320	0x460F    MOV	R7, R1
0x0322	0x4629    MOV	R1, R5
0x0324	0xB2A0    UXTH	R0, R4
;__Lib_GPIO_32F10x.c, 1001 :: 		
L_GPIO_Config43:
;__Lib_GPIO_32F10x.c, 1005 :: 		
; currentmode start address is: 28 (R7)
; port start address is: 24 (R6)
; config start address is: 4 (R1)
0x0326	0xF1B00FFF  CMP	R0, #255
0x032A	0xD939    BLS	L_GPIO_Config50
;__Lib_GPIO_32F10x.c, 1007 :: 		
0x032C	0x1D33    ADDS	R3, R6, #4
0x032E	0xF8D38000  LDR	R8, [R3, #0]
; tmpreg start address is: 32 (R8)
;__Lib_GPIO_32F10x.c, 1008 :: 		
; pinpos start address is: 8 (R2)
0x0332	0x2200    MOVS	R2, #0
; port end address is: 24 (R6)
; tmpreg end address is: 32 (R8)
; pinpos end address is: 8 (R2)
L_GPIO_Config51:
; pinpos start address is: 8 (R2)
; tmpreg start address is: 32 (R8)
; config start address is: 4 (R1)
; config end address is: 4 (R1)
; port start address is: 24 (R6)
; currentmode start address is: 28 (R7)
; currentmode end address is: 28 (R7)
0x0334	0x2A08    CMP	R2, #8
0x0336	0xD230    BCS	L_GPIO_Config52
; config end address is: 4 (R1)
; currentmode end address is: 28 (R7)
;__Lib_GPIO_32F10x.c, 1010 :: 		
; currentmode start address is: 28 (R7)
; config start address is: 4 (R1)
0x0338	0xF2020408  ADDW	R4, R2, #8
0x033C	0xF04F0301  MOV	R3, #1
0x0340	0xFA03F404  LSL	R4, R3, R4
;__Lib_GPIO_32F10x.c, 1012 :: 		
0x0344	0xEA000304  AND	R3, R0, R4, LSL #0
;__Lib_GPIO_32F10x.c, 1013 :: 		
0x0348	0x42A3    CMP	R3, R4
0x034A	0xD124    BNE	L__GPIO_Config105
;__Lib_GPIO_32F10x.c, 1015 :: 		
0x034C	0x0095    LSLS	R5, R2, #2
;__Lib_GPIO_32F10x.c, 1017 :: 		
0x034E	0xF04F030F  MOV	R3, #15
0x0352	0x40AB    LSLS	R3, R5
;__Lib_GPIO_32F10x.c, 1018 :: 		
0x0354	0x43DB    MVN	R3, R3
0x0356	0xEA080403  AND	R4, R8, R3, LSL #0
; tmpreg end address is: 32 (R8)
;__Lib_GPIO_32F10x.c, 1021 :: 		
0x035A	0xFA07F305  LSL	R3, R7, R5
0x035E	0xEA440803  ORR	R8, R4, R3, LSL #0
; tmpreg start address is: 32 (R8)
;__Lib_GPIO_32F10x.c, 1024 :: 		
0x0362	0xF4017381  AND	R3, R1, #258
0x0366	0xF5B37F81  CMP	R3, #258
0x036A	0xD107    BNE	L_GPIO_Config55
;__Lib_GPIO_32F10x.c, 1026 :: 		
0x036C	0xF2060514  ADDW	R5, R6, #20
0x0370	0xF2020408  ADDW	R4, R2, #8
0x0374	0xF04F0301  MOV	R3, #1
0x0378	0x40A3    LSLS	R3, R4
0x037A	0x602B    STR	R3, [R5, #0]
;__Lib_GPIO_32F10x.c, 1027 :: 		
L_GPIO_Config55:
;__Lib_GPIO_32F10x.c, 1029 :: 		
0x037C	0xF0010382  AND	R3, R1, #130
0x0380	0x2B82    CMP	R3, #130
0x0382	0xD107    BNE	L_GPIO_Config56
;__Lib_GPIO_32F10x.c, 1031 :: 		
0x0384	0xF2060510  ADDW	R5, R6, #16
0x0388	0xF2020408  ADDW	R4, R2, #8
0x038C	0xF04F0301  MOV	R3, #1
0x0390	0x40A3    LSLS	R3, R4
0x0392	0x602B    STR	R3, [R5, #0]
;__Lib_GPIO_32F10x.c, 1032 :: 		
L_GPIO_Config56:
;__Lib_GPIO_32F10x.c, 1033 :: 		
0x0394	0xE7FF    B	L_GPIO_Config54
; tmpreg end address is: 32 (R8)
L__GPIO_Config105:
;__Lib_GPIO_32F10x.c, 1013 :: 		
;__Lib_GPIO_32F10x.c, 1033 :: 		
L_GPIO_Config54:
;__Lib_GPIO_32F10x.c, 1008 :: 		
; tmpreg start address is: 32 (R8)
0x0396	0x1C52    ADDS	R2, R2, #1
;__Lib_GPIO_32F10x.c, 1034 :: 		
; config end address is: 4 (R1)
; currentmode end address is: 28 (R7)
; pinpos end address is: 8 (R2)
0x0398	0xE7CC    B	L_GPIO_Config51
L_GPIO_Config52:
;__Lib_GPIO_32F10x.c, 1035 :: 		
0x039A	0x1D33    ADDS	R3, R6, #4
; port end address is: 24 (R6)
0x039C	0xF8C38000  STR	R8, [R3, #0]
; tmpreg end address is: 32 (R8)
;__Lib_GPIO_32F10x.c, 1036 :: 		
L_GPIO_Config50:
;__Lib_GPIO_32F10x.c, 1037 :: 		
L_end_GPIO_Config:
0x03A0	0xF8DDE000  LDR	LR, [SP, #0]
0x03A4	0xB001    ADD	SP, SP, #4
0x03A6	0x4770    BX	LR
0x03A8	0xFC00FFFF  	#-1024
0x03AC	0x00140008  	#524308
0x03B0	0x08000008  	#526336
; end of _GPIO_Config
_GPIO_Clk_Enable:
;__Lib_GPIO_32F10x.c, 850 :: 		
0x0134	0xB081    SUB	SP, SP, #4
;__Lib_GPIO_32F10x.c, 852 :: 		
0x0136	0x4919    LDR	R1, [PC, #100]
0x0138	0xEA000101  AND	R1, R0, R1, LSL #0
0x013C	0x4608    MOV	R0, R1
;__Lib_GPIO_32F10x.c, 853 :: 		
; pos start address is: 8 (R2)
0x013E	0x2200    MOVS	R2, #0
;__Lib_GPIO_32F10x.c, 854 :: 		
0x0140	0xE00E    B	L_GPIO_Clk_Enable0
; pos end address is: 8 (R2)
;__Lib_GPIO_32F10x.c, 855 :: 		
L_GPIO_Clk_Enable2:
0x0142	0x2004    MOVS	R0, #4
0x0144	0xE022    B	L_GPIO_Clk_Enable1
;__Lib_GPIO_32F10x.c, 856 :: 		
L_GPIO_Clk_Enable3:
0x0146	0x2008    MOVS	R0, #8
0x0148	0xE020    B	L_GPIO_Clk_Enable1
;__Lib_GPIO_32F10x.c, 857 :: 		
L_GPIO_Clk_Enable4:
0x014A	0x2010    MOVS	R0, #16
0x014C	0xE01E    B	L_GPIO_Clk_Enable1
;__Lib_GPIO_32F10x.c, 858 :: 		
L_GPIO_Clk_Enable5:
0x014E	0x2020    MOVS	R0, #32
0x0150	0xE01C    B	L_GPIO_Clk_Enable1
;__Lib_GPIO_32F10x.c, 859 :: 		
L_GPIO_Clk_Enable6:
0x0152	0x2040    MOVS	R0, #64
0x0154	0xE01A    B	L_GPIO_Clk_Enable1
;__Lib_GPIO_32F10x.c, 860 :: 		
L_GPIO_Clk_Enable7:
0x0156	0x2080    MOVS	R0, #128
0x0158	0xE018    B	L_GPIO_Clk_Enable1
;__Lib_GPIO_32F10x.c, 861 :: 		
L_GPIO_Clk_Enable8:
0x015A	0xF2401000  MOVW	R0, #256
0x015E	0xE015    B	L_GPIO_Clk_Enable1
;__Lib_GPIO_32F10x.c, 862 :: 		
L_GPIO_Clk_Enable0:
; pos start address is: 8 (R2)
0x0160	0x490F    LDR	R1, [PC, #60]
0x0162	0x4288    CMP	R0, R1
0x0164	0xD0ED    BEQ	L_GPIO_Clk_Enable2
0x0166	0x490F    LDR	R1, [PC, #60]
0x0168	0x4288    CMP	R0, R1
0x016A	0xD0EC    BEQ	L_GPIO_Clk_Enable3
0x016C	0x490E    LDR	R1, [PC, #56]
0x016E	0x4288    CMP	R0, R1
0x0170	0xD0EB    BEQ	L_GPIO_Clk_Enable4
0x0172	0x490E    LDR	R1, [PC, #56]
0x0174	0x4288    CMP	R0, R1
0x0176	0xD0EA    BEQ	L_GPIO_Clk_Enable5
0x0178	0x490D    LDR	R1, [PC, #52]
0x017A	0x4288    CMP	R0, R1
0x017C	0xD0E9    BEQ	L_GPIO_Clk_Enable6
0x017E	0x490D    LDR	R1, [PC, #52]
0x0180	0x4288    CMP	R0, R1
0x0182	0xD0E8    BEQ	L_GPIO_Clk_Enable7
0x0184	0x490C    LDR	R1, [PC, #48]
0x0186	0x4288    CMP	R0, R1
0x0188	0xD0E7    BEQ	L_GPIO_Clk_Enable8
; pos end address is: 8 (R2)
0x018A	0x4610    MOV	R0, R2
L_GPIO_Clk_Enable1:
;__Lib_GPIO_32F10x.c, 864 :: 		
0x018C	0x490B    LDR	R1, [PC, #44]
0x018E	0x6809    LDR	R1, [R1, #0]
0x0190	0xEA410200  ORR	R2, R1, R0, LSL #0
0x0194	0x4909    LDR	R1, [PC, #36]
0x0196	0x600A    STR	R2, [R1, #0]
;__Lib_GPIO_32F10x.c, 865 :: 		
L_end_GPIO_Clk_Enable:
0x0198	0xB001    ADD	SP, SP, #4
0x019A	0x4770    BX	LR
0x019C	0xFC00FFFF  	#-1024
0x01A0	0x08004001  	#1073809408
0x01A4	0x0C004001  	#1073810432
0x01A8	0x10004001  	#1073811456
0x01AC	0x14004001  	#1073812480
0x01B0	0x18004001  	#1073813504
0x01B4	0x1C004001  	#1073814528
0x01B8	0x20004001  	#1073815552
0x01BC	0x10184002  	RCC_APB2ENR+0
; end of _GPIO_Clk_Enable
_GPIO_Digital_Output:
;__Lib_GPIO_32F10x.c, 1132 :: 		
; pin_mask start address is: 4 (R1)
0x03B4	0xB081    SUB	SP, SP, #4
0x03B6	0xF8CDE000  STR	LR, [SP, #0]
; pin_mask end address is: 4 (R1)
; pin_mask start address is: 4 (R1)
;__Lib_GPIO_32F10x.c, 1133 :: 		
0x03BA	0x4A04    LDR	R2, [PC, #16]
0x03BC	0xB289    UXTH	R1, R1
; pin_mask end address is: 4 (R1)
0x03BE	0xF7FFFEFF  BL	_GPIO_Config+0
;__Lib_GPIO_32F10x.c, 1134 :: 		
L_end_GPIO_Digital_Output:
0x03C2	0xF8DDE000  LDR	LR, [SP, #0]
0x03C6	0xB001    ADD	SP, SP, #4
0x03C8	0x4770    BX	LR
0x03CA	0xBF00    NOP
0x03CC	0x00140008  	#524308
; end of _GPIO_Digital_Output
_delay:
;MyProject.c, 37 :: 		void delay(unsigned long contador) // Función para generar retardo
;MyProject.c, 39 :: 		while(--contador);
L_delay4:
0x0438	0x1E41    SUBS	R1, R0, #1
0x043A	0x4608    MOV	R0, R1
0x043C	0xB101    CBZ	R1, L_delay5
0x043E	0xE7FB    B	L_delay4
L_delay5:
;MyProject.c, 40 :: 		}
L_end_delay:
0x0440	0x4770    BX	LR
; end of _delay
___FillZeros:
;__Lib_System_100.c, 63 :: 		
0x03E8	0xB081    SUB	SP, SP, #4
;__Lib_System_100.c, 65 :: 		
0x03EA	0xF04F0900  MOV	R9, #0
;__Lib_System_100.c, 66 :: 		
0x03EE	0xF04F0C00  MOV	R12, #0
;__Lib_System_100.c, 67 :: 		
0x03F2	0xEBBD0F0A  CMP	SP, R10, LSL #0
;__Lib_System_100.c, 68 :: 		
0x03F6	0xDC04    BGT	L_loopFZs
;__Lib_System_100.c, 69 :: 		
0x03F8	0xEBBD0F0B  CMP	SP, R11, LSL #0
;__Lib_System_100.c, 70 :: 		
0x03FC	0xDB01    BLT	L_loopFZs
;__Lib_System_100.c, 71 :: 		
0x03FE	0x46D4    MOV	R12, R10
;__Lib_System_100.c, 72 :: 		
0x0400	0x46EA    MOV	R10, SP
;__Lib_System_100.c, 73 :: 		
L_loopFZs:
;__Lib_System_100.c, 74 :: 		
0x0402	0xF84B9B04  STR	R9, [R11], #4
;__Lib_System_100.c, 75 :: 		
0x0406	0xEBBB0F0A  CMP	R11, R10, LSL #0
;__Lib_System_100.c, 76 :: 		
0x040A	0xD1FA    BNE	L_loopFZs
;__Lib_System_100.c, 77 :: 		
0x040C	0xEBBC0F0A  CMP	R12, R10, LSL #0
;__Lib_System_100.c, 78 :: 		
0x0410	0xDD05    BLE	L_norep
;__Lib_System_100.c, 79 :: 		
0x0412	0x46E2    MOV	R10, R12
;__Lib_System_100.c, 80 :: 		
0x0414	0xF8D9B000  LDR	R11, [R9, #0]
;__Lib_System_100.c, 81 :: 		
0x0418	0xF10B0B04  ADD	R11, R11, #4
;__Lib_System_100.c, 82 :: 		
0x041C	0xE7F1    B	L_loopFZs
;__Lib_System_100.c, 83 :: 		
L_norep:
;__Lib_System_100.c, 85 :: 		
L_end___FillZeros:
0x041E	0xB001    ADD	SP, SP, #4
0x0420	0x4770    BX	LR
; end of ___FillZeros
___CC2DW:
;__Lib_System_100.c, 21 :: 		
0x0424	0xB081    SUB	SP, SP, #4
;__Lib_System_100.c, 23 :: 		
L_loopDW:
;__Lib_System_100.c, 24 :: 		
0x0426	0xF81C9B01  LDRB	R9, [R12], #1
;__Lib_System_100.c, 25 :: 		
0x042A	0xF80B9B01  STRB	R9, [R11], #1
;__Lib_System_100.c, 26 :: 		
0x042E	0xEBBB0F0A  CMP	R11, R10, LSL #0
;__Lib_System_100.c, 27 :: 		
0x0432	0xD1F8    BNE	L_loopDW
;__Lib_System_100.c, 29 :: 		
L_end___CC2DW:
0x0434	0xB001    ADD	SP, SP, #4
0x0436	0x4770    BX	LR
; end of ___CC2DW
__Lib_System_100_InitialSetUpRCCRCC2:
;__Lib_System_100.c, 298 :: 		
0x050C	0xB082    SUB	SP, SP, #8
;__Lib_System_100.c, 300 :: 		
; ulRCC_CR start address is: 8 (R2)
0x050E	0x4A21    LDR	R2, [PC, #132]
;__Lib_System_100.c, 301 :: 		
0x0510	0x4821    LDR	R0, [PC, #132]
0x0512	0x9001    STR	R0, [SP, #4]
;__Lib_System_100.c, 302 :: 		
; ulRCC_CFGR2 start address is: 12 (R3)
0x0514	0x4B21    LDR	R3, [PC, #132]
;__Lib_System_100.c, 304 :: 		
0x0516	0x9901    LDR	R1, [SP, #4]
0x0518	0x4821    LDR	R0, [PC, #132]
0x051A	0x6001    STR	R1, [R0, #0]
;__Lib_System_100.c, 305 :: 		
0x051C	0x4821    LDR	R0, [PC, #132]
0x051E	0x6003    STR	R3, [R0, #0]
; ulRCC_CFGR2 end address is: 12 (R3)
;__Lib_System_100.c, 306 :: 		
0x0520	0x4821    LDR	R0, [PC, #132]
0x0522	0xEA020100  AND	R1, R2, R0, LSL #0
0x0526	0x4821    LDR	R0, [PC, #132]
0x0528	0x6001    STR	R1, [R0, #0]
;__Lib_System_100.c, 308 :: 		
0x052A	0xF0020001  AND	R0, R2, #1
0x052E	0xB140    CBZ	R0, L___Lib_System_100_InitialSetUpRCCRCC239
; ulRCC_CR end address is: 8 (R2)
0x0530	0x4611    MOV	R1, R2
;__Lib_System_100.c, 309 :: 		
L___Lib_System_100_InitialSetUpRCCRCC229:
; ulRCC_CR start address is: 4 (R1)
0x0532	0x481E    LDR	R0, [PC, #120]
0x0534	0x6800    LDR	R0, [R0, #0]
0x0536	0xF0000002  AND	R0, R0, #2
0x053A	0xB900    CBNZ	R0, L___Lib_System_100_InitialSetUpRCCRCC230
;__Lib_System_100.c, 310 :: 		
0x053C	0xE7F9    B	L___Lib_System_100_InitialSetUpRCCRCC229
L___Lib_System_100_InitialSetUpRCCRCC230:
;__Lib_System_100.c, 311 :: 		
0x053E	0x460A    MOV	R2, R1
0x0540	0xE7FF    B	L___Lib_System_100_InitialSetUpRCCRCC228
; ulRCC_CR end address is: 4 (R1)
L___Lib_System_100_InitialSetUpRCCRCC239:
;__Lib_System_100.c, 308 :: 		
;__Lib_System_100.c, 311 :: 		
L___Lib_System_100_InitialSetUpRCCRCC228:
;__Lib_System_100.c, 313 :: 		
; ulRCC_CR start address is: 8 (R2)
0x0542	0xF4023080  AND	R0, R2, #65536
0x0546	0xB140    CBZ	R0, L___Lib_System_100_InitialSetUpRCCRCC240
; ulRCC_CR end address is: 8 (R2)
0x0548	0x4611    MOV	R1, R2
;__Lib_System_100.c, 314 :: 		
L___Lib_System_100_InitialSetUpRCCRCC232:
; ulRCC_CR start address is: 4 (R1)
0x054A	0x4818    LDR	R0, [PC, #96]
0x054C	0x6800    LDR	R0, [R0, #0]
0x054E	0xF4003000  AND	R0, R0, #131072
0x0552	0x2800    CMP	R0, #0
0x0554	0xD100    BNE	L___Lib_System_100_InitialSetUpRCCRCC233
;__Lib_System_100.c, 315 :: 		
0x0556	0xE7F8    B	L___Lib_System_100_InitialSetUpRCCRCC232
L___Lib_System_100_InitialSetUpRCCRCC233:
;__Lib_System_100.c, 316 :: 		
0x0558	0xE000    B	L___Lib_System_100_InitialSetUpRCCRCC231
; ulRCC_CR end address is: 4 (R1)
L___Lib_System_100_InitialSetUpRCCRCC240:
;__Lib_System_100.c, 313 :: 		
0x055A	0x4611    MOV	R1, R2
;__Lib_System_100.c, 316 :: 		
L___Lib_System_100_InitialSetUpRCCRCC231:
;__Lib_System_100.c, 318 :: 		
; ulRCC_CR start address is: 4 (R1)
0x055C	0xF0017080  AND	R0, R1, #16777216
; ulRCC_CR end address is: 4 (R1)
0x0560	0xB158    CBZ	R0, L___Lib_System_100_InitialSetUpRCCRCC234
;__Lib_System_100.c, 319 :: 		
0x0562	0x4812    LDR	R0, [PC, #72]
0x0564	0x6800    LDR	R0, [R0, #0]
0x0566	0xF0407180  ORR	R1, R0, #16777216
0x056A	0x4810    LDR	R0, [PC, #64]
0x056C	0x6001    STR	R1, [R0, #0]
;__Lib_System_100.c, 320 :: 		
L___Lib_System_100_InitialSetUpRCCRCC235:
0x056E	0x480F    LDR	R0, [PC, #60]
0x0570	0x6800    LDR	R0, [R0, #0]
0x0572	0xF0007000  AND	R0, R0, #33554432
0x0576	0xB900    CBNZ	R0, L___Lib_System_100_InitialSetUpRCCRCC236
;__Lib_System_100.c, 321 :: 		
0x0578	0xE7F9    B	L___Lib_System_100_InitialSetUpRCCRCC235
L___Lib_System_100_InitialSetUpRCCRCC236:
;__Lib_System_100.c, 322 :: 		
L___Lib_System_100_InitialSetUpRCCRCC234:
;__Lib_System_100.c, 325 :: 		
L___Lib_System_100_InitialSetUpRCCRCC237:
0x057A	0x4809    LDR	R0, [PC, #36]
0x057C	0x6800    LDR	R0, [R0, #0]
0x057E	0xF000010C  AND	R1, R0, #12
0x0582	0x9801    LDR	R0, [SP, #4]
0x0584	0x0080    LSLS	R0, R0, #2
0x0586	0xF000000C  AND	R0, R0, #12
0x058A	0x4281    CMP	R1, R0
0x058C	0xD000    BEQ	L___Lib_System_100_InitialSetUpRCCRCC238
;__Lib_System_100.c, 326 :: 		
0x058E	0xE7F4    B	L___Lib_System_100_InitialSetUpRCCRCC237
L___Lib_System_100_InitialSetUpRCCRCC238:
;__Lib_System_100.c, 328 :: 		
L_end_InitialSetUpRCCRCC2:
0x0590	0xB002    ADD	SP, SP, #8
0x0592	0x4770    BX	LR
0x0594	0x00810000  	#129
0x0598	0x00000000  	#0
0x059C	0x00000000  	#0
0x05A0	0x10044002  	RCC_CFGR+0
0x05A4	0x102C4002  	RCC_CFGR2+0
0x05A8	0xFFFF000F  	#1048575
0x05AC	0x10004002  	RCC_CR+0
; end of __Lib_System_100_InitialSetUpRCCRCC2
__Lib_System_100_InitialSetUpFosc:
;__Lib_System_100.c, 330 :: 		
0x0488	0xB081    SUB	SP, SP, #4
;__Lib_System_100.c, 331 :: 		
0x048A	0x4902    LDR	R1, [PC, #8]
0x048C	0x4802    LDR	R0, [PC, #8]
0x048E	0x6001    STR	R1, [R0, #0]
;__Lib_System_100.c, 332 :: 		
L_end_InitialSetUpFosc:
0x0490	0xB001    ADD	SP, SP, #4
0x0492	0x4770    BX	LR
0x0494	0x1F400000  	#8000
0x0498	0x00002000  	___System_CLOCK_IN_KHZ+0
; end of __Lib_System_100_InitialSetUpFosc
___GenExcept:
;__Lib_System_100.c, 262 :: 		
0x049C	0xB081    SUB	SP, SP, #4
;__Lib_System_100.c, 263 :: 		
L___GenExcept24:
0x049E	0xE7FE    B	L___GenExcept24
;__Lib_System_100.c, 264 :: 		
L_end___GenExcept:
0x04A0	0xB001    ADD	SP, SP, #4
0x04A2	0x4770    BX	LR
; end of ___GenExcept
0x05B0	0xB500    PUSH	(R14)
0x05B2	0xF2400B00  MOVW	R11, #0
0x05B6	0xF2C20B00  MOVT	R11, #8192
0x05BA	0xF2400A04  MOVW	R10, #4
0x05BE	0xF2C20A00  MOVT	R10, #8192
0x05C2	0xF7FFFF11  BL	1000
0x05C6	0xBD00    POP	(R15)
0x05C8	0x4770    BX	LR
Symbol List:
//** Routines locations **
//ADDRESS    SIZE    PROCEDURE
//----------------------------------------------
0x0134     [140]    _GPIO_Clk_Enable
0x01C0     [500]    _GPIO_Config
0x03B4      [28]    _GPIO_Digital_Output
0x03D0      [24]    _GPIO_Digital_Input
0x03E8      [58]    ___FillZeros
0x0424      [20]    ___CC2DW
0x0438      [10]    _delay
0x0444      [68]    _Config_ptos
0x0488      [20]    __Lib_System_100_InitialSetUpFosc
0x049C       [8]    ___GenExcept
0x04A4     [104]    _main
0x050C     [164]    __Lib_System_100_InitialSetUpRCCRCC2
//** Variables locations ** 
//ADDRESS    SIZE    VARIABLE
//----------------------------------------------
0x20000000       [4]    ___System_CLOCK_IN_KHZ
