;  LST file generated by mikroListExporter - v.2.0 
; Date/Time: 04/04/2014 04:59:09 a.m.
;----------------------------------------------

;Address Opcode 	ASM
____SysVT:
0x0000	0x1FFC2000  	536879100
0x0004	0x08390000  	2105
0x0008	0x08310000  	2097
0x000C	0x08310000  	2097
0x0010	0x08310000  	2097
0x0014	0x08310000  	2097
0x0018	0x08310000  	2097
0x001C	0x08310000  	2097
0x0020	0x08310000  	2097
0x0024	0x08310000  	2097
0x0028	0x08310000  	2097
0x002C	0x08310000  	2097
0x0030	0x08310000  	2097
0x0034	0x08310000  	2097
0x0038	0x08310000  	2097
0x003C	0x08310000  	2097
0x0040	0x08310000  	2097
0x0044	0x08310000  	2097
0x0048	0x08310000  	2097
0x004C	0x08310000  	2097
0x0050	0x08310000  	2097
0x0054	0x08310000  	2097
0x0058	0x08310000  	2097
0x005C	0x08310000  	2097
0x0060	0x08310000  	2097
0x0064	0x08310000  	2097
0x0068	0x08310000  	2097
0x006C	0x08310000  	2097
0x0070	0x08310000  	2097
0x0074	0x08310000  	2097
0x0078	0x08310000  	2097
0x007C	0x08310000  	2097
0x0080	0x08310000  	2097
0x0084	0x08310000  	2097
0x0088	0x08310000  	2097
0x008C	0x08310000  	2097
0x0090	0x08310000  	2097
0x0094	0x08310000  	2097
0x0098	0x08310000  	2097
0x009C	0x08310000  	2097
0x00A0	0x08310000  	2097
0x00A4	0x08310000  	2097
0x00A8	0x08310000  	2097
0x00AC	0x08310000  	2097
0x00B0	0x08310000  	2097
0x00B4	0x08310000  	2097
0x00B8	0x08310000  	2097
0x00BC	0x08310000  	2097
0x00C0	0x08310000  	2097
0x00C4	0x08310000  	2097
0x00C8	0x08310000  	2097
0x00CC	0x08310000  	2097
0x00D0	0x08310000  	2097
0x00D4	0x08310000  	2097
0x00D8	0x08310000  	2097
0x00DC	0x08310000  	2097
0x00E0	0x08310000  	2097
0x00E4	0x08310000  	2097
0x00E8	0x08310000  	2097
0x00EC	0x08310000  	2097
0x00F0	0x08310000  	2097
0x00F4	0x08310000  	2097
0x00F8	0x08310000  	2097
0x00FC	0x08310000  	2097
0x0100	0x08310000  	2097
0x0104	0x08310000  	2097
0x0108	0x08310000  	2097
0x010C	0x08310000  	2097
0x0110	0x08310000  	2097
0x0114	0x08310000  	2097
0x0118	0x08310000  	2097
0x011C	0x08310000  	2097
0x0120	0x08310000  	2097
0x0124	0x08310000  	2097
0x0128	0x08310000  	2097
0x012C	0x08310000  	2097
0x0130	0x08310000  	2097
; end of ____SysVT
_main:
;lcd_pru.c, 24 :: 		void main(){
0x0838	0xF000F87C  BL	2356
0x083C	0xF000F924  BL	2696
0x0840	0xF7FFFFEC  BL	2076
0x0844	0xF000F8E0  BL	2568
;lcd_pru.c, 26 :: 		Lcd_Init();                        // Inicializa LCD
0x0848	0xF7FFFE22  BL	_Lcd_Init+0
;lcd_pru.c, 28 :: 		Lcd_Cmd(_LCD_CLEAR);               // limpiar display
0x084C	0x2001    MOVS	R0, #1
0x084E	0xF7FFFF45  BL	_Lcd_Cmd+0
;lcd_pru.c, 29 :: 		Lcd_Cmd(_LCD_CURSOR_OFF);          // Cursor apagado
0x0852	0x200C    MOVS	R0, #12
0x0854	0xF7FFFF42  BL	_Lcd_Cmd+0
;lcd_pru.c, 30 :: 		Lcd_Out(1,6,txt3);                 // Escribe texto en la primera linea
0x0858	0x4A31    LDR	R2, [PC, #196]
0x085A	0x2106    MOVS	R1, #6
0x085C	0x2001    MOVS	R0, #1
0x085E	0xF7FFFFA3  BL	_Lcd_Out+0
;lcd_pru.c, 32 :: 		Lcd_Out(2,6,txt4);                 // Escribe el texto en segundos row
0x0862	0x4A30    LDR	R2, [PC, #192]
0x0864	0x2106    MOVS	R1, #6
0x0866	0x2002    MOVS	R0, #2
0x0868	0xF7FFFF9E  BL	_Lcd_Out+0
;lcd_pru.c, 33 :: 		Delay_ms(2000);
0x086C	0xF2461753  MOVW	R7, #24915
0x0870	0xF2C00751  MOVT	R7, #81
0x0874	0xBF00    NOP
0x0876	0xBF00    NOP
L_main2:
0x0878	0x1E7F    SUBS	R7, R7, #1
0x087A	0xD1FD    BNE	L_main2
0x087C	0xBF00    NOP
0x087E	0xBF00    NOP
0x0880	0xBF00    NOP
0x0882	0xBF00    NOP
;lcd_pru.c, 34 :: 		Lcd_Cmd(_LCD_CLEAR);               // limpiar display
0x0884	0x2001    MOVS	R0, #1
0x0886	0xF7FFFF29  BL	_Lcd_Cmd+0
;lcd_pru.c, 36 :: 		Lcd_Out(1,1,txt1);                 // Write text in first row
0x088A	0x4A27    LDR	R2, [PC, #156]
0x088C	0x2101    MOVS	R1, #1
0x088E	0x2001    MOVS	R0, #1
0x0890	0xF7FFFF8A  BL	_Lcd_Out+0
;lcd_pru.c, 37 :: 		Lcd_Out(2,4,txt2);                 // Write text in second row
0x0894	0x4A25    LDR	R2, [PC, #148]
0x0896	0x2104    MOVS	R1, #4
0x0898	0x2002    MOVS	R0, #2
0x089A	0xF7FFFF85  BL	_Lcd_Out+0
;lcd_pru.c, 39 :: 		Delay_ms(2000);
0x089E	0xF2461753  MOVW	R7, #24915
0x08A2	0xF2C00751  MOVT	R7, #81
0x08A6	0xBF00    NOP
0x08A8	0xBF00    NOP
L_main4:
0x08AA	0x1E7F    SUBS	R7, R7, #1
0x08AC	0xD1FD    BNE	L_main4
0x08AE	0xBF00    NOP
0x08B0	0xBF00    NOP
0x08B2	0xBF00    NOP
0x08B4	0xBF00    NOP
;lcd_pru.c, 42 :: 		for(i=0; i<4; i++) {               // Movimiento del texto a la derecha en 4 tiempos
0x08B6	0x2100    MOVS	R1, #0
0x08B8	0x481D    LDR	R0, [PC, #116]
0x08BA	0x7001    STRB	R1, [R0, #0]
L_main6:
0x08BC	0x481C    LDR	R0, [PC, #112]
0x08BE	0x7800    LDRB	R0, [R0, #0]
0x08C0	0x2804    CMP	R0, #4
0x08C2	0xD209    BCS	L_main7
;lcd_pru.c, 43 :: 		Lcd_Cmd(_LCD_SHIFT_RIGHT);
0x08C4	0x201C    MOVS	R0, #28
0x08C6	0xF7FFFF09  BL	_Lcd_Cmd+0
;lcd_pru.c, 44 :: 		Move_Delay();
0x08CA	0xF7FFFDAD  BL	_Move_Delay+0
;lcd_pru.c, 42 :: 		for(i=0; i<4; i++) {               // Movimiento del texto a la derecha en 4 tiempos
0x08CE	0x4918    LDR	R1, [PC, #96]
0x08D0	0x7808    LDRB	R0, [R1, #0]
0x08D2	0x1C40    ADDS	R0, R0, #1
0x08D4	0x7008    STRB	R0, [R1, #0]
;lcd_pru.c, 45 :: 		}
0x08D6	0xE7F1    B	L_main6
L_main7:
;lcd_pru.c, 47 :: 		while(1) {                         // usara la variable inicializada ene l bucle
L_main9:
;lcd_pru.c, 48 :: 		for(i=0; i<7; i++) {             // Moviento del texto  en 7 tiempos
0x08D8	0x2100    MOVS	R1, #0
0x08DA	0x4815    LDR	R0, [PC, #84]
0x08DC	0x7001    STRB	R1, [R0, #0]
L_main11:
0x08DE	0x4814    LDR	R0, [PC, #80]
0x08E0	0x7800    LDRB	R0, [R0, #0]
0x08E2	0x2807    CMP	R0, #7
0x08E4	0xD209    BCS	L_main12
;lcd_pru.c, 49 :: 		Lcd_Cmd(_LCD_SHIFT_LEFT);
0x08E6	0x2018    MOVS	R0, #24
0x08E8	0xF7FFFEF8  BL	_Lcd_Cmd+0
;lcd_pru.c, 50 :: 		Move_Delay();
0x08EC	0xF7FFFD9C  BL	_Move_Delay+0
;lcd_pru.c, 48 :: 		for(i=0; i<7; i++) {             // Moviento del texto  en 7 tiempos
0x08F0	0x490F    LDR	R1, [PC, #60]
0x08F2	0x7808    LDRB	R0, [R1, #0]
0x08F4	0x1C40    ADDS	R0, R0, #1
0x08F6	0x7008    STRB	R0, [R1, #0]
;lcd_pru.c, 51 :: 		}
0x08F8	0xE7F1    B	L_main11
L_main12:
;lcd_pru.c, 53 :: 		for(i=0; i<7; i++) {             // Movimiento del texto a la derecha en 7 tiempos
0x08FA	0x2100    MOVS	R1, #0
0x08FC	0x480C    LDR	R0, [PC, #48]
0x08FE	0x7001    STRB	R1, [R0, #0]
L_main14:
0x0900	0x480B    LDR	R0, [PC, #44]
0x0902	0x7800    LDRB	R0, [R0, #0]
0x0904	0x2807    CMP	R0, #7
0x0906	0xD209    BCS	L_main15
;lcd_pru.c, 54 :: 		Lcd_Cmd(_LCD_SHIFT_RIGHT);
0x0908	0x201C    MOVS	R0, #28
0x090A	0xF7FFFEE7  BL	_Lcd_Cmd+0
;lcd_pru.c, 55 :: 		Move_Delay();
0x090E	0xF7FFFD8B  BL	_Move_Delay+0
;lcd_pru.c, 53 :: 		for(i=0; i<7; i++) {             // Movimiento del texto a la derecha en 7 tiempos
0x0912	0x4907    LDR	R1, [PC, #28]
0x0914	0x7808    LDRB	R0, [R1, #0]
0x0916	0x1C40    ADDS	R0, R0, #1
0x0918	0x7008    STRB	R0, [R1, #0]
;lcd_pru.c, 56 :: 		}
0x091A	0xE7F1    B	L_main14
L_main15:
;lcd_pru.c, 57 :: 		}
0x091C	0xE7DC    B	L_main9
;lcd_pru.c, 58 :: 		}
L_end_main:
L__main_end_loop:
0x091E	0xE7FE    B	L__main_end_loop
0x0920	0x00002000  	_txt3+0
0x0924	0x00082000  	_txt4+0
0x0928	0x00122000  	_txt1+0
0x092C	0x001E2000  	_txt2+0
0x0930	0x002D2000  	_i+0
; end of _main
_Lcd_Init:
;__Lib_Lcd.c, 77 :: 		
0x0490	0xB086    SUB	SP, SP, #24
0x0492	0xF8CDE000  STR	LR, [SP, #0]
;__Lib_Lcd.c, 80 :: 		
0x0496	0xF640400C  MOVW	R0, #lo_addr(LCD_EN+0)
;__Lib_Lcd.c, 81 :: 		
0x049A	0xF2C40001  MOVT	R0, #hi_addr(LCD_EN+0)
;__Lib_Lcd.c, 82 :: 		
0x049E	0xF04F0101  MOV	R1, #1
;__Lib_Lcd.c, 83 :: 		
0x04A2	0xEA4F21C1  LSL	R1, R1, BitPos(LCD_EN+0)
;__Lib_Lcd.c, 85 :: 		
0x04A6	0x4A85    LDR	R2, [PC, #532]
0x04A8	0xB289    UXTH	R1, R1
0x04AA	0xF7FFFEC3  BL	_GPIO_Config+0
;__Lib_Lcd.c, 88 :: 		
0x04AE	0xF640400C  MOVW	R0, #lo_addr(LCD_RS+0)
;__Lib_Lcd.c, 89 :: 		
0x04B2	0xF2C40001  MOVT	R0, #hi_addr(LCD_RS+0)
;__Lib_Lcd.c, 90 :: 		
0x04B6	0xF04F0101  MOV	R1, #1
;__Lib_Lcd.c, 91 :: 		
0x04BA	0xEA4F2181  LSL	R1, R1, BitPos(LCD_RS+0)
;__Lib_Lcd.c, 93 :: 		
0x04BE	0x4A7F    LDR	R2, [PC, #508]
0x04C0	0xB289    UXTH	R1, R1
0x04C2	0xF7FFFEB7  BL	_GPIO_Config+0
;__Lib_Lcd.c, 96 :: 		
0x04C6	0xF640400C  MOVW	R0, #lo_addr(LCD_D4+0)
;__Lib_Lcd.c, 97 :: 		
0x04CA	0xF2C40001  MOVT	R0, #hi_addr(LCD_D4+0)
;__Lib_Lcd.c, 98 :: 		
0x04CE	0xF04F0101  MOV	R1, #1
;__Lib_Lcd.c, 99 :: 		
0x04D2	0xEA4F3101  LSL	R1, R1, BitPos(LCD_D4+0)
;__Lib_Lcd.c, 101 :: 		
0x04D6	0x4A79    LDR	R2, [PC, #484]
0x04D8	0xB289    UXTH	R1, R1
0x04DA	0xF7FFFEAB  BL	_GPIO_Config+0
;__Lib_Lcd.c, 104 :: 		
0x04DE	0xF640400C  MOVW	R0, #lo_addr(LCD_D5+0)
;__Lib_Lcd.c, 105 :: 		
0x04E2	0xF2C40001  MOVT	R0, #hi_addr(LCD_D5+0)
;__Lib_Lcd.c, 106 :: 		
0x04E6	0xF04F0101  MOV	R1, #1
;__Lib_Lcd.c, 107 :: 		
0x04EA	0xEA4F3141  LSL	R1, R1, BitPos(LCD_D5+0)
;__Lib_Lcd.c, 109 :: 		
0x04EE	0x4A73    LDR	R2, [PC, #460]
0x04F0	0xB289    UXTH	R1, R1
0x04F2	0xF7FFFE9F  BL	_GPIO_Config+0
;__Lib_Lcd.c, 112 :: 		
0x04F6	0xF640400C  MOVW	R0, #lo_addr(LCD_D6+0)
;__Lib_Lcd.c, 113 :: 		
0x04FA	0xF2C40001  MOVT	R0, #hi_addr(LCD_D6+0)
;__Lib_Lcd.c, 114 :: 		
0x04FE	0xF04F0101  MOV	R1, #1
;__Lib_Lcd.c, 115 :: 		
0x0502	0xEA4F3181  LSL	R1, R1, BitPos(LCD_D6+0)
;__Lib_Lcd.c, 117 :: 		
0x0506	0x4A6D    LDR	R2, [PC, #436]
0x0508	0xB289    UXTH	R1, R1
0x050A	0xF7FFFE93  BL	_GPIO_Config+0
;__Lib_Lcd.c, 120 :: 		
0x050E	0xF640400C  MOVW	R0, #lo_addr(LCD_D7+0)
;__Lib_Lcd.c, 121 :: 		
0x0512	0xF2C40001  MOVT	R0, #hi_addr(LCD_D7+0)
;__Lib_Lcd.c, 122 :: 		
0x0516	0xF04F0101  MOV	R1, #1
;__Lib_Lcd.c, 123 :: 		
0x051A	0xEA4F31C1  LSL	R1, R1, BitPos(LCD_D7+0)
;__Lib_Lcd.c, 125 :: 		
0x051E	0x4A67    LDR	R2, [PC, #412]
0x0520	0xB289    UXTH	R1, R1
0x0522	0xF7FFFE87  BL	_GPIO_Config+0
;__Lib_Lcd.c, 127 :: 		
0x0526	0x2100    MOVS	R1, #0
0x0528	0xB249    SXTB	R1, R1
0x052A	0x4865    LDR	R0, [PC, #404]
0x052C	0x9005    STR	R0, [SP, #20]
0x052E	0x6001    STR	R1, [R0, #0]
;__Lib_Lcd.c, 128 :: 		
0x0530	0x4864    LDR	R0, [PC, #400]
0x0532	0x6001    STR	R1, [R0, #0]
;__Lib_Lcd.c, 129 :: 		
0x0534	0x4864    LDR	R0, [PC, #400]
0x0536	0x9004    STR	R0, [SP, #16]
0x0538	0x6001    STR	R1, [R0, #0]
;__Lib_Lcd.c, 130 :: 		
0x053A	0x4864    LDR	R0, [PC, #400]
0x053C	0x9003    STR	R0, [SP, #12]
0x053E	0x6001    STR	R1, [R0, #0]
;__Lib_Lcd.c, 131 :: 		
0x0540	0x4863    LDR	R0, [PC, #396]
0x0542	0x9002    STR	R0, [SP, #8]
0x0544	0x6001    STR	R1, [R0, #0]
;__Lib_Lcd.c, 132 :: 		
0x0546	0x4863    LDR	R0, [PC, #396]
0x0548	0x9001    STR	R0, [SP, #4]
0x054A	0x6001    STR	R1, [R0, #0]
;__Lib_Lcd.c, 134 :: 		
0x054C	0xF7FFFE66  BL	_Delay_5500us+0
;__Lib_Lcd.c, 135 :: 		
0x0550	0xF7FFFE64  BL	_Delay_5500us+0
;__Lib_Lcd.c, 136 :: 		
0x0554	0xF7FFFE62  BL	_Delay_5500us+0
;__Lib_Lcd.c, 139 :: 		
0x0558	0x2101    MOVS	R1, #1
0x055A	0xB249    SXTB	R1, R1
0x055C	0x485C    LDR	R0, [PC, #368]
0x055E	0x6001    STR	R1, [R0, #0]
;__Lib_Lcd.c, 140 :: 		
0x0560	0x9801    LDR	R0, [SP, #4]
0x0562	0x6001    STR	R1, [R0, #0]
;__Lib_Lcd.c, 141 :: 		
0x0564	0x9805    LDR	R0, [SP, #20]
0x0566	0x6001    STR	R1, [R0, #0]
;__Lib_Lcd.c, 142 :: 		
0x0568	0xF7FFFE2A  BL	_Delay_1us+0
;__Lib_Lcd.c, 143 :: 		
0x056C	0x2100    MOVS	R1, #0
0x056E	0xB249    SXTB	R1, R1
0x0570	0x4853    LDR	R0, [PC, #332]
0x0572	0x6001    STR	R1, [R0, #0]
;__Lib_Lcd.c, 144 :: 		
0x0574	0xF7FFFE52  BL	_Delay_5500us+0
;__Lib_Lcd.c, 146 :: 		
0x0578	0x2101    MOVS	R1, #1
0x057A	0xB249    SXTB	R1, R1
0x057C	0x4850    LDR	R0, [PC, #320]
0x057E	0x6001    STR	R1, [R0, #0]
;__Lib_Lcd.c, 147 :: 		
0x0580	0xF7FFFE1E  BL	_Delay_1us+0
;__Lib_Lcd.c, 148 :: 		
0x0584	0x2100    MOVS	R1, #0
0x0586	0xB249    SXTB	R1, R1
0x0588	0x484D    LDR	R0, [PC, #308]
0x058A	0x6001    STR	R1, [R0, #0]
;__Lib_Lcd.c, 149 :: 		
0x058C	0xF7FFFE46  BL	_Delay_5500us+0
;__Lib_Lcd.c, 151 :: 		
0x0590	0x2101    MOVS	R1, #1
0x0592	0xB249    SXTB	R1, R1
0x0594	0x484A    LDR	R0, [PC, #296]
0x0596	0x6001    STR	R1, [R0, #0]
;__Lib_Lcd.c, 152 :: 		
0x0598	0xF7FFFE12  BL	_Delay_1us+0
;__Lib_Lcd.c, 153 :: 		
0x059C	0x2100    MOVS	R1, #0
0x059E	0xB249    SXTB	R1, R1
0x05A0	0x4847    LDR	R0, [PC, #284]
0x05A2	0x6001    STR	R1, [R0, #0]
;__Lib_Lcd.c, 154 :: 		
0x05A4	0xF7FFFE3A  BL	_Delay_5500us+0
;__Lib_Lcd.c, 157 :: 		
0x05A8	0x2100    MOVS	R1, #0
0x05AA	0xB249    SXTB	R1, R1
0x05AC	0x4849    LDR	R0, [PC, #292]
0x05AE	0x6001    STR	R1, [R0, #0]
;__Lib_Lcd.c, 158 :: 		
0x05B0	0x2101    MOVS	R1, #1
0x05B2	0xB249    SXTB	R1, R1
0x05B4	0x9805    LDR	R0, [SP, #20]
0x05B6	0x6001    STR	R1, [R0, #0]
;__Lib_Lcd.c, 159 :: 		
0x05B8	0xF7FFFE02  BL	_Delay_1us+0
;__Lib_Lcd.c, 160 :: 		
0x05BC	0x2100    MOVS	R1, #0
0x05BE	0xB249    SXTB	R1, R1
0x05C0	0x483F    LDR	R0, [PC, #252]
0x05C2	0x6001    STR	R1, [R0, #0]
;__Lib_Lcd.c, 161 :: 		
0x05C4	0xF7FFFE2A  BL	_Delay_5500us+0
;__Lib_Lcd.c, 164 :: 		
0x05C8	0x2101    MOVS	R1, #1
0x05CA	0xB249    SXTB	R1, R1
0x05CC	0x483C    LDR	R0, [PC, #240]
0x05CE	0x6001    STR	R1, [R0, #0]
;__Lib_Lcd.c, 165 :: 		
0x05D0	0xF7FFFDF6  BL	_Delay_1us+0
;__Lib_Lcd.c, 166 :: 		
0x05D4	0x2100    MOVS	R1, #0
0x05D6	0xB249    SXTB	R1, R1
0x05D8	0x4839    LDR	R0, [PC, #228]
0x05DA	0x6001    STR	R1, [R0, #0]
;__Lib_Lcd.c, 168 :: 		
0x05DC	0x9802    LDR	R0, [SP, #8]
0x05DE	0x6001    STR	R1, [R0, #0]
;__Lib_Lcd.c, 169 :: 		
0x05E0	0x2101    MOVS	R1, #1
0x05E2	0xB249    SXTB	R1, R1
0x05E4	0x9804    LDR	R0, [SP, #16]
0x05E6	0x6001    STR	R1, [R0, #0]
;__Lib_Lcd.c, 170 :: 		
0x05E8	0x9805    LDR	R0, [SP, #20]
0x05EA	0x6001    STR	R1, [R0, #0]
;__Lib_Lcd.c, 171 :: 		
0x05EC	0xF7FFFDE8  BL	_Delay_1us+0
;__Lib_Lcd.c, 172 :: 		
0x05F0	0x2100    MOVS	R1, #0
0x05F2	0xB249    SXTB	R1, R1
0x05F4	0x4832    LDR	R0, [PC, #200]
0x05F6	0x6001    STR	R1, [R0, #0]
;__Lib_Lcd.c, 173 :: 		
0x05F8	0xF7FFFE10  BL	_Delay_5500us+0
;__Lib_Lcd.c, 176 :: 		
0x05FC	0x2100    MOVS	R1, #0
0x05FE	0xB249    SXTB	R1, R1
0x0600	0x4831    LDR	R0, [PC, #196]
0x0602	0x6001    STR	R1, [R0, #0]
;__Lib_Lcd.c, 177 :: 		
0x0604	0x2101    MOVS	R1, #1
0x0606	0xB249    SXTB	R1, R1
0x0608	0x9801    LDR	R0, [SP, #4]
0x060A	0x6001    STR	R1, [R0, #0]
;__Lib_Lcd.c, 178 :: 		
0x060C	0x9805    LDR	R0, [SP, #20]
0x060E	0x6001    STR	R1, [R0, #0]
;__Lib_Lcd.c, 179 :: 		
0x0610	0xF7FFFDD6  BL	_Delay_1us+0
;__Lib_Lcd.c, 180 :: 		
0x0614	0x2100    MOVS	R1, #0
0x0616	0xB249    SXTB	R1, R1
0x0618	0x4829    LDR	R0, [PC, #164]
0x061A	0x6001    STR	R1, [R0, #0]
;__Lib_Lcd.c, 182 :: 		
0x061C	0x9801    LDR	R0, [SP, #4]
0x061E	0x6001    STR	R1, [R0, #0]
;__Lib_Lcd.c, 183 :: 		
0x0620	0x2101    MOVS	R1, #1
0x0622	0xB249    SXTB	R1, R1
0x0624	0x9805    LDR	R0, [SP, #20]
0x0626	0x6001    STR	R1, [R0, #0]
;__Lib_Lcd.c, 184 :: 		
0x0628	0xF7FFFDCA  BL	_Delay_1us+0
;__Lib_Lcd.c, 185 :: 		
0x062C	0x2100    MOVS	R1, #0
0x062E	0xB249    SXTB	R1, R1
0x0630	0x4823    LDR	R0, [PC, #140]
0x0632	0x6001    STR	R1, [R0, #0]
;__Lib_Lcd.c, 186 :: 		
0x0634	0xF7FFFDF2  BL	_Delay_5500us+0
;__Lib_Lcd.c, 189 :: 		
0x0638	0x2101    MOVS	R1, #1
0x063A	0xB249    SXTB	R1, R1
0x063C	0x4820    LDR	R0, [PC, #128]
0x063E	0x6001    STR	R1, [R0, #0]
;__Lib_Lcd.c, 190 :: 		
0x0640	0xF7FFFDBE  BL	_Delay_1us+0
;__Lib_Lcd.c, 191 :: 		
0x0644	0x2100    MOVS	R1, #0
0x0646	0xB249    SXTB	R1, R1
0x0648	0x481D    LDR	R0, [PC, #116]
0x064A	0x6001    STR	R1, [R0, #0]
;__Lib_Lcd.c, 193 :: 		
0x064C	0x2101    MOVS	R1, #1
0x064E	0xB249    SXTB	R1, R1
0x0650	0x9801    LDR	R0, [SP, #4]
0x0652	0x6001    STR	R1, [R0, #0]
;__Lib_Lcd.c, 194 :: 		
0x0654	0x9805    LDR	R0, [SP, #20]
0x0656	0x6001    STR	R1, [R0, #0]
;__Lib_Lcd.c, 195 :: 		
0x0658	0xF7FFFDB2  BL	_Delay_1us+0
;__Lib_Lcd.c, 196 :: 		
0x065C	0x2100    MOVS	R1, #0
0x065E	0xB249    SXTB	R1, R1
0x0660	0x4817    LDR	R0, [PC, #92]
0x0662	0x6001    STR	R1, [R0, #0]
;__Lib_Lcd.c, 197 :: 		
0x0664	0xF7FFFDDA  BL	_Delay_5500us+0
;__Lib_Lcd.c, 200 :: 		
0x0668	0x2100    MOVS	R1, #0
0x066A	0xB249    SXTB	R1, R1
0x066C	0x4819    LDR	R0, [PC, #100]
0x066E	0x6001    STR	R1, [R0, #0]
;__Lib_Lcd.c, 201 :: 		
0x0670	0x2101    MOVS	R1, #1
0x0672	0xB249    SXTB	R1, R1
0x0674	0x9805    LDR	R0, [SP, #20]
0x0676	0x6001    STR	R1, [R0, #0]
;__Lib_Lcd.c, 202 :: 		
0x0678	0xF7FFFDA2  BL	_Delay_1us+0
;__Lib_Lcd.c, 203 :: 		
0x067C	0x2100    MOVS	R1, #0
0x067E	0xB249    SXTB	R1, R1
0x0680	0x480F    LDR	R0, [PC, #60]
0x0682	0x6001    STR	R1, [R0, #0]
;__Lib_Lcd.c, 205 :: 		
0x0684	0x2101    MOVS	R1, #1
0x0686	0xB249    SXTB	R1, R1
0x0688	0x9804    LDR	R0, [SP, #16]
0x068A	0x6001    STR	R1, [R0, #0]
;__Lib_Lcd.c, 206 :: 		
0x068C	0x9803    LDR	R0, [SP, #12]
0x068E	0x6001    STR	R1, [R0, #0]
;__Lib_Lcd.c, 207 :: 		
0x0690	0x9802    LDR	R0, [SP, #8]
0x0692	0x6001    STR	R1, [R0, #0]
;__Lib_Lcd.c, 208 :: 		
0x0694	0x9801    LDR	R0, [SP, #4]
0x0696	0x6001    STR	R1, [R0, #0]
;__Lib_Lcd.c, 209 :: 		
0x0698	0x9805    LDR	R0, [SP, #20]
0x069A	0x6001    STR	R1, [R0, #0]
;__Lib_Lcd.c, 210 :: 		
0x069C	0xF7FFFD90  BL	_Delay_1us+0
;__Lib_Lcd.c, 211 :: 		
0x06A0	0x2100    MOVS	R1, #0
0x06A2	0xB249    SXTB	R1, R1
0x06A4	0x4806    LDR	R0, [PC, #24]
0x06A6	0x6001    STR	R1, [R0, #0]
;__Lib_Lcd.c, 213 :: 		
0x06A8	0xF7FFFDB8  BL	_Delay_5500us+0
;__Lib_Lcd.c, 215 :: 		
0x06AC	0x2101    MOVS	R1, #1
0x06AE	0xB249    SXTB	R1, R1
0x06B0	0x4809    LDR	R0, [PC, #36]
0x06B2	0x6001    STR	R1, [R0, #0]
;__Lib_Lcd.c, 216 :: 		
L_end_Lcd_Init:
0x06B4	0xF8DDE000  LDR	LR, [SP, #0]
0x06B8	0xB006    ADD	SP, SP, #24
0x06BA	0x4770    BX	LR
0x06BC	0x00140008  	#524308
0x06C0	0x81AC4221  	LCD_EN+0
0x06C4	0x81A84221  	LCD_RS+0
0x06C8	0x81BC4221  	LCD_D7+0
0x06CC	0x81B84221  	LCD_D6+0
0x06D0	0x81B44221  	LCD_D5+0
0x06D4	0x81B04221  	LCD_D4+0
0x06D8	0x05C02200  	__Lib_Lcd_cmd_status+0
; end of _Lcd_Init
_GPIO_Config:
;__Lib_GPIO_32F10x.c, 891 :: 		
; config start address is: 8 (R2)
; pin_mask start address is: 4 (R1)
0x0234	0xB081    SUB	SP, SP, #4
0x0236	0xF8CDE000  STR	LR, [SP, #0]
0x023A	0xB28C    UXTH	R4, R1
0x023C	0x4615    MOV	R5, R2
; config end address is: 8 (R2)
; pin_mask end address is: 4 (R1)
; pin_mask start address is: 16 (R4)
; config start address is: 20 (R5)
;__Lib_GPIO_32F10x.c, 896 :: 		
0x023E	0x4B77    LDR	R3, [PC, #476]
0x0240	0xEA000303  AND	R3, R0, R3, LSL #0
; port start address is: 24 (R6)
0x0244	0x461E    MOV	R6, R3
;__Lib_GPIO_32F10x.c, 898 :: 		
0x0246	0x4618    MOV	R0, R3
0x0248	0xF7FFFF74  BL	_GPIO_Clk_Enable+0
;__Lib_GPIO_32F10x.c, 901 :: 		
0x024C	0xF1B40FFF  CMP	R4, #255
0x0250	0xD10C    BNE	L_GPIO_Config18
;__Lib_GPIO_32F10x.c, 902 :: 		
0x0252	0x4B73    LDR	R3, [PC, #460]
0x0254	0x429D    CMP	R5, R3
0x0256	0xD103    BNE	L_GPIO_Config19
; pin_mask end address is: 16 (R4)
; config end address is: 20 (R5)
;__Lib_GPIO_32F10x.c, 903 :: 		
0x0258	0xF04F3333  MOV	R3, #858993459
0x025C	0x6033    STR	R3, [R6, #0]
; port end address is: 24 (R6)
;__Lib_GPIO_32F10x.c, 904 :: 		
0x025E	0xE0D9    B	L_end_GPIO_Config
;__Lib_GPIO_32F10x.c, 905 :: 		
L_GPIO_Config19:
;__Lib_GPIO_32F10x.c, 906 :: 		
; port start address is: 24 (R6)
; config start address is: 20 (R5)
; pin_mask start address is: 16 (R4)
0x0260	0x2D42    CMP	R5, #66
0x0262	0xD103    BNE	L_GPIO_Config20
; pin_mask end address is: 16 (R4)
; config end address is: 20 (R5)
;__Lib_GPIO_32F10x.c, 907 :: 		
0x0264	0xF04F3344  MOV	R3, #1145324612
0x0268	0x6033    STR	R3, [R6, #0]
; port end address is: 24 (R6)
;__Lib_GPIO_32F10x.c, 908 :: 		
0x026A	0xE0D3    B	L_end_GPIO_Config
;__Lib_GPIO_32F10x.c, 909 :: 		
L_GPIO_Config20:
;__Lib_GPIO_32F10x.c, 910 :: 		
; port start address is: 24 (R6)
; config start address is: 20 (R5)
; pin_mask start address is: 16 (R4)
L_GPIO_Config18:
;__Lib_GPIO_32F10x.c, 912 :: 		
0x026C	0xF64F73FF  MOVW	R3, #65535
0x0270	0x429C    CMP	R4, R3
0x0272	0xD114    BNE	L_GPIO_Config21
;__Lib_GPIO_32F10x.c, 913 :: 		
0x0274	0x4B6A    LDR	R3, [PC, #424]
0x0276	0x429D    CMP	R5, R3
0x0278	0xD107    BNE	L_GPIO_Config22
; pin_mask end address is: 16 (R4)
; config end address is: 20 (R5)
;__Lib_GPIO_32F10x.c, 914 :: 		
0x027A	0xF04F3333  MOV	R3, #858993459
0x027E	0x6033    STR	R3, [R6, #0]
;__Lib_GPIO_32F10x.c, 915 :: 		
0x0280	0x1D34    ADDS	R4, R6, #4
; port end address is: 24 (R6)
0x0282	0xF04F3333  MOV	R3, #858993459
0x0286	0x6023    STR	R3, [R4, #0]
;__Lib_GPIO_32F10x.c, 916 :: 		
0x0288	0xE0C4    B	L_end_GPIO_Config
;__Lib_GPIO_32F10x.c, 917 :: 		
L_GPIO_Config22:
;__Lib_GPIO_32F10x.c, 918 :: 		
; port start address is: 24 (R6)
; config start address is: 20 (R5)
; pin_mask start address is: 16 (R4)
0x028A	0x2D42    CMP	R5, #66
0x028C	0xD107    BNE	L_GPIO_Config23
; pin_mask end address is: 16 (R4)
; config end address is: 20 (R5)
;__Lib_GPIO_32F10x.c, 919 :: 		
0x028E	0xF04F3344  MOV	R3, #1145324612
0x0292	0x6033    STR	R3, [R6, #0]
;__Lib_GPIO_32F10x.c, 920 :: 		
0x0294	0x1D34    ADDS	R4, R6, #4
; port end address is: 24 (R6)
0x0296	0xF04F3344  MOV	R3, #1145324612
0x029A	0x6023    STR	R3, [R4, #0]
;__Lib_GPIO_32F10x.c, 921 :: 		
0x029C	0xE0BA    B	L_end_GPIO_Config
;__Lib_GPIO_32F10x.c, 922 :: 		
L_GPIO_Config23:
;__Lib_GPIO_32F10x.c, 923 :: 		
; port start address is: 24 (R6)
; config start address is: 20 (R5)
; pin_mask start address is: 16 (R4)
L_GPIO_Config21:
;__Lib_GPIO_32F10x.c, 925 :: 		
; currentmode start address is: 4 (R1)
0x029E	0x2100    MOVS	R1, #0
;__Lib_GPIO_32F10x.c, 926 :: 		
0x02A0	0x2000    MOVS	R0, #0
;__Lib_GPIO_32F10x.c, 928 :: 		
0x02A2	0xF0050301  AND	R3, R5, #1
0x02A6	0xB10B    CBZ	R3, L_GPIO_Config24
;__Lib_GPIO_32F10x.c, 929 :: 		
0x02A8	0x2100    MOVS	R1, #0
0x02AA	0xE01D    B	L_GPIO_Config25
L_GPIO_Config24:
;__Lib_GPIO_32F10x.c, 930 :: 		
0x02AC	0xF0050302  AND	R3, R5, #2
0x02B0	0xB133    CBZ	R3, L_GPIO_Config26
; currentmode end address is: 4 (R1)
;__Lib_GPIO_32F10x.c, 931 :: 		
0x02B2	0xF40573C0  AND	R3, R5, #384
0x02B6	0xB10B    CBZ	R3, L_GPIO_Config27
;__Lib_GPIO_32F10x.c, 932 :: 		
; currentmode start address is: 4 (R1)
0x02B8	0x2108    MOVS	R1, #8
; currentmode end address is: 4 (R1)
0x02BA	0xE000    B	L_GPIO_Config28
L_GPIO_Config27:
;__Lib_GPIO_32F10x.c, 934 :: 		
; currentmode start address is: 4 (R1)
0x02BC	0x2104    MOVS	R1, #4
; currentmode end address is: 4 (R1)
L_GPIO_Config28:
;__Lib_GPIO_32F10x.c, 935 :: 		
; currentmode start address is: 4 (R1)
0x02BE	0xE013    B	L_GPIO_Config29
L_GPIO_Config26:
;__Lib_GPIO_32F10x.c, 936 :: 		
0x02C0	0xF0050304  AND	R3, R5, #4
0x02C4	0xB133    CBZ	R3, L_GPIO_Config30
; currentmode end address is: 4 (R1)
;__Lib_GPIO_32F10x.c, 937 :: 		
0x02C6	0xF0050320  AND	R3, R5, #32
0x02CA	0xB10B    CBZ	R3, L_GPIO_Config31
;__Lib_GPIO_32F10x.c, 938 :: 		
; currentmode start address is: 4 (R1)
0x02CC	0x2104    MOVS	R1, #4
; currentmode end address is: 4 (R1)
0x02CE	0xE000    B	L_GPIO_Config32
L_GPIO_Config31:
;__Lib_GPIO_32F10x.c, 940 :: 		
; currentmode start address is: 4 (R1)
0x02D0	0x2100    MOVS	R1, #0
; currentmode end address is: 4 (R1)
L_GPIO_Config32:
;__Lib_GPIO_32F10x.c, 941 :: 		
; currentmode start address is: 4 (R1)
0x02D2	0xE009    B	L_GPIO_Config33
L_GPIO_Config30:
;__Lib_GPIO_32F10x.c, 942 :: 		
0x02D4	0xF0050308  AND	R3, R5, #8
0x02D8	0xB133    CBZ	R3, L__GPIO_Config100
; currentmode end address is: 4 (R1)
;__Lib_GPIO_32F10x.c, 943 :: 		
0x02DA	0xF0050320  AND	R3, R5, #32
0x02DE	0xB10B    CBZ	R3, L_GPIO_Config35
;__Lib_GPIO_32F10x.c, 944 :: 		
; currentmode start address is: 4 (R1)
0x02E0	0x210C    MOVS	R1, #12
; currentmode end address is: 4 (R1)
0x02E2	0xE000    B	L_GPIO_Config36
L_GPIO_Config35:
;__Lib_GPIO_32F10x.c, 946 :: 		
; currentmode start address is: 4 (R1)
0x02E4	0x2108    MOVS	R1, #8
; currentmode end address is: 4 (R1)
L_GPIO_Config36:
;__Lib_GPIO_32F10x.c, 947 :: 		
; currentmode start address is: 4 (R1)
; currentmode end address is: 4 (R1)
0x02E6	0xE7FF    B	L_GPIO_Config34
L__GPIO_Config100:
;__Lib_GPIO_32F10x.c, 942 :: 		
;__Lib_GPIO_32F10x.c, 947 :: 		
L_GPIO_Config34:
; currentmode start address is: 4 (R1)
; currentmode end address is: 4 (R1)
L_GPIO_Config33:
; currentmode start address is: 4 (R1)
; currentmode end address is: 4 (R1)
L_GPIO_Config29:
; currentmode start address is: 4 (R1)
; currentmode end address is: 4 (R1)
L_GPIO_Config25:
;__Lib_GPIO_32F10x.c, 949 :: 		
; currentmode start address is: 4 (R1)
0x02E8	0x4B4E    LDR	R3, [PC, #312]
0x02EA	0xEA050303  AND	R3, R5, R3, LSL #0
0x02EE	0xB10B    CBZ	R3, L_GPIO_Config37
;__Lib_GPIO_32F10x.c, 950 :: 		
0x02F0	0x2003    MOVS	R0, #3
0x02F2	0xE009    B	L_GPIO_Config38
L_GPIO_Config37:
;__Lib_GPIO_32F10x.c, 951 :: 		
0x02F4	0xF4057300  AND	R3, R5, #512
0x02F8	0xB10B    CBZ	R3, L_GPIO_Config39
;__Lib_GPIO_32F10x.c, 952 :: 		
0x02FA	0x2002    MOVS	R0, #2
0x02FC	0xE004    B	L_GPIO_Config40
L_GPIO_Config39:
;__Lib_GPIO_32F10x.c, 953 :: 		
0x02FE	0xF4056380  AND	R3, R5, #1024
0x0302	0xB10B    CBZ	R3, L__GPIO_Config101
;__Lib_GPIO_32F10x.c, 954 :: 		
0x0304	0x2001    MOVS	R0, #1
0x0306	0xE7FF    B	L_GPIO_Config41
L__GPIO_Config101:
;__Lib_GPIO_32F10x.c, 953 :: 		
;__Lib_GPIO_32F10x.c, 954 :: 		
L_GPIO_Config41:
L_GPIO_Config40:
L_GPIO_Config38:
;__Lib_GPIO_32F10x.c, 956 :: 		
;__Lib_GPIO_32F10x.c, 962 :: 		
0x0308	0xF005030C  AND	R3, R5, #12
0x030C	0xB10B    CBZ	R3, L__GPIO_Config102
;__Lib_GPIO_32F10x.c, 965 :: 		
0x030E	0x4301    ORRS	R1, R0
; currentmode end address is: 4 (R1)
;__Lib_GPIO_32F10x.c, 966 :: 		
0x0310	0xE7FF    B	L_GPIO_Config42
L__GPIO_Config102:
;__Lib_GPIO_32F10x.c, 962 :: 		
;__Lib_GPIO_32F10x.c, 966 :: 		
L_GPIO_Config42:
;__Lib_GPIO_32F10x.c, 968 :: 		
; currentmode start address is: 4 (R1)
0x0312	0xF00403FF  AND	R3, R4, #255
0x0316	0xB29B    UXTH	R3, R3
0x0318	0x2B00    CMP	R3, #0
0x031A	0xD03B    BEQ	L__GPIO_Config104
;__Lib_GPIO_32F10x.c, 969 :: 		
0x031C	0x6837    LDR	R7, [R6, #0]
; tmpreg start address is: 28 (R7)
;__Lib_GPIO_32F10x.c, 971 :: 		
0x031E	0x2000    MOVS	R0, #0
; pin_mask end address is: 16 (R4)
; config end address is: 20 (R5)
; currentmode end address is: 4 (R1)
; tmpreg end address is: 28 (R7)
; port end address is: 24 (R6)
0x0320	0xFA1FF884  UXTH	R8, R4
0x0324	0x4632    MOV	R2, R6
0x0326	0x462E    MOV	R6, R5
L_GPIO_Config44:
; tmpreg start address is: 28 (R7)
; currentmode start address is: 4 (R1)
; port start address is: 8 (R2)
; config start address is: 24 (R6)
; pin_mask start address is: 32 (R8)
0x0328	0x2808    CMP	R0, #8
0x032A	0xD22C    BCS	L_GPIO_Config45
;__Lib_GPIO_32F10x.c, 973 :: 		
0x032C	0xF04F0301  MOV	R3, #1
0x0330	0xFA03F400  LSL	R4, R3, R0
;__Lib_GPIO_32F10x.c, 975 :: 		
0x0334	0xEA080304  AND	R3, R8, R4, LSL #0
;__Lib_GPIO_32F10x.c, 977 :: 		
0x0338	0x42A3    CMP	R3, R4
0x033A	0xD122    BNE	L__GPIO_Config103
;__Lib_GPIO_32F10x.c, 979 :: 		
0x033C	0x0085    LSLS	R5, R0, #2
;__Lib_GPIO_32F10x.c, 981 :: 		
0x033E	0xF04F030F  MOV	R3, #15
0x0342	0x40AB    LSLS	R3, R5
;__Lib_GPIO_32F10x.c, 982 :: 		
0x0344	0x43DB    MVN	R3, R3
0x0346	0xEA070403  AND	R4, R7, R3, LSL #0
; tmpreg end address is: 28 (R7)
;__Lib_GPIO_32F10x.c, 985 :: 		
0x034A	0xFA01F305  LSL	R3, R1, R5
0x034E	0xEA440303  ORR	R3, R4, R3, LSL #0
; tmpreg start address is: 20 (R5)
0x0352	0x461D    MOV	R5, R3
;__Lib_GPIO_32F10x.c, 988 :: 		
0x0354	0xF4067381  AND	R3, R6, #258
0x0358	0xF5B37F81  CMP	R3, #258
0x035C	0xD105    BNE	L_GPIO_Config48
;__Lib_GPIO_32F10x.c, 990 :: 		
0x035E	0xF2020414  ADDW	R4, R2, #20
0x0362	0xF04F0301  MOV	R3, #1
0x0366	0x4083    LSLS	R3, R0
0x0368	0x6023    STR	R3, [R4, #0]
;__Lib_GPIO_32F10x.c, 991 :: 		
L_GPIO_Config48:
;__Lib_GPIO_32F10x.c, 993 :: 		
0x036A	0xF0060382  AND	R3, R6, #130
0x036E	0x2B82    CMP	R3, #130
0x0370	0xD105    BNE	L_GPIO_Config49
;__Lib_GPIO_32F10x.c, 995 :: 		
0x0372	0xF2020410  ADDW	R4, R2, #16
0x0376	0xF04F0301  MOV	R3, #1
0x037A	0x4083    LSLS	R3, R0
0x037C	0x6023    STR	R3, [R4, #0]
;__Lib_GPIO_32F10x.c, 996 :: 		
L_GPIO_Config49:
;__Lib_GPIO_32F10x.c, 997 :: 		
0x037E	0x462F    MOV	R7, R5
0x0380	0xE7FF    B	L_GPIO_Config47
; tmpreg end address is: 20 (R5)
L__GPIO_Config103:
;__Lib_GPIO_32F10x.c, 977 :: 		
;__Lib_GPIO_32F10x.c, 997 :: 		
L_GPIO_Config47:
;__Lib_GPIO_32F10x.c, 971 :: 		
; tmpreg start address is: 28 (R7)
0x0382	0x1C40    ADDS	R0, R0, #1
;__Lib_GPIO_32F10x.c, 998 :: 		
0x0384	0xE7D0    B	L_GPIO_Config44
L_GPIO_Config45:
;__Lib_GPIO_32F10x.c, 999 :: 		
0x0386	0x6017    STR	R7, [R2, #0]
; currentmode end address is: 4 (R1)
; port end address is: 8 (R2)
; config end address is: 24 (R6)
; pin_mask end address is: 32 (R8)
; tmpreg end address is: 28 (R7)
0x0388	0xFA1FF088  UXTH	R0, R8
0x038C	0x460F    MOV	R7, R1
0x038E	0x4631    MOV	R1, R6
0x0390	0x4616    MOV	R6, R2
;__Lib_GPIO_32F10x.c, 1001 :: 		
0x0392	0xE002    B	L_GPIO_Config43
L__GPIO_Config104:
;__Lib_GPIO_32F10x.c, 968 :: 		
0x0394	0x460F    MOV	R7, R1
0x0396	0x4629    MOV	R1, R5
0x0398	0xB2A0    UXTH	R0, R4
;__Lib_GPIO_32F10x.c, 1001 :: 		
L_GPIO_Config43:
;__Lib_GPIO_32F10x.c, 1005 :: 		
; currentmode start address is: 28 (R7)
; port start address is: 24 (R6)
; config start address is: 4 (R1)
0x039A	0xF1B00FFF  CMP	R0, #255
0x039E	0xD939    BLS	L_GPIO_Config50
;__Lib_GPIO_32F10x.c, 1007 :: 		
0x03A0	0x1D33    ADDS	R3, R6, #4
0x03A2	0xF8D38000  LDR	R8, [R3, #0]
; tmpreg start address is: 32 (R8)
;__Lib_GPIO_32F10x.c, 1008 :: 		
; pinpos start address is: 8 (R2)
0x03A6	0x2200    MOVS	R2, #0
; port end address is: 24 (R6)
; tmpreg end address is: 32 (R8)
; pinpos end address is: 8 (R2)
L_GPIO_Config51:
; pinpos start address is: 8 (R2)
; tmpreg start address is: 32 (R8)
; config start address is: 4 (R1)
; config end address is: 4 (R1)
; port start address is: 24 (R6)
; currentmode start address is: 28 (R7)
; currentmode end address is: 28 (R7)
0x03A8	0x2A08    CMP	R2, #8
0x03AA	0xD230    BCS	L_GPIO_Config52
; config end address is: 4 (R1)
; currentmode end address is: 28 (R7)
;__Lib_GPIO_32F10x.c, 1010 :: 		
; currentmode start address is: 28 (R7)
; config start address is: 4 (R1)
0x03AC	0xF2020408  ADDW	R4, R2, #8
0x03B0	0xF04F0301  MOV	R3, #1
0x03B4	0xFA03F404  LSL	R4, R3, R4
;__Lib_GPIO_32F10x.c, 1012 :: 		
0x03B8	0xEA000304  AND	R3, R0, R4, LSL #0
;__Lib_GPIO_32F10x.c, 1013 :: 		
0x03BC	0x42A3    CMP	R3, R4
0x03BE	0xD124    BNE	L__GPIO_Config105
;__Lib_GPIO_32F10x.c, 1015 :: 		
0x03C0	0x0095    LSLS	R5, R2, #2
;__Lib_GPIO_32F10x.c, 1017 :: 		
0x03C2	0xF04F030F  MOV	R3, #15
0x03C6	0x40AB    LSLS	R3, R5
;__Lib_GPIO_32F10x.c, 1018 :: 		
0x03C8	0x43DB    MVN	R3, R3
0x03CA	0xEA080403  AND	R4, R8, R3, LSL #0
; tmpreg end address is: 32 (R8)
;__Lib_GPIO_32F10x.c, 1021 :: 		
0x03CE	0xFA07F305  LSL	R3, R7, R5
0x03D2	0xEA440803  ORR	R8, R4, R3, LSL #0
; tmpreg start address is: 32 (R8)
;__Lib_GPIO_32F10x.c, 1024 :: 		
0x03D6	0xF4017381  AND	R3, R1, #258
0x03DA	0xF5B37F81  CMP	R3, #258
0x03DE	0xD107    BNE	L_GPIO_Config55
;__Lib_GPIO_32F10x.c, 1026 :: 		
0x03E0	0xF2060514  ADDW	R5, R6, #20
0x03E4	0xF2020408  ADDW	R4, R2, #8
0x03E8	0xF04F0301  MOV	R3, #1
0x03EC	0x40A3    LSLS	R3, R4
0x03EE	0x602B    STR	R3, [R5, #0]
;__Lib_GPIO_32F10x.c, 1027 :: 		
L_GPIO_Config55:
;__Lib_GPIO_32F10x.c, 1029 :: 		
0x03F0	0xF0010382  AND	R3, R1, #130
0x03F4	0x2B82    CMP	R3, #130
0x03F6	0xD107    BNE	L_GPIO_Config56
;__Lib_GPIO_32F10x.c, 1031 :: 		
0x03F8	0xF2060510  ADDW	R5, R6, #16
0x03FC	0xF2020408  ADDW	R4, R2, #8
0x0400	0xF04F0301  MOV	R3, #1
0x0404	0x40A3    LSLS	R3, R4
0x0406	0x602B    STR	R3, [R5, #0]
;__Lib_GPIO_32F10x.c, 1032 :: 		
L_GPIO_Config56:
;__Lib_GPIO_32F10x.c, 1033 :: 		
0x0408	0xE7FF    B	L_GPIO_Config54
; tmpreg end address is: 32 (R8)
L__GPIO_Config105:
;__Lib_GPIO_32F10x.c, 1013 :: 		
;__Lib_GPIO_32F10x.c, 1033 :: 		
L_GPIO_Config54:
;__Lib_GPIO_32F10x.c, 1008 :: 		
; tmpreg start address is: 32 (R8)
0x040A	0x1C52    ADDS	R2, R2, #1
;__Lib_GPIO_32F10x.c, 1034 :: 		
; config end address is: 4 (R1)
; currentmode end address is: 28 (R7)
; pinpos end address is: 8 (R2)
0x040C	0xE7CC    B	L_GPIO_Config51
L_GPIO_Config52:
;__Lib_GPIO_32F10x.c, 1035 :: 		
0x040E	0x1D33    ADDS	R3, R6, #4
; port end address is: 24 (R6)
0x0410	0xF8C38000  STR	R8, [R3, #0]
; tmpreg end address is: 32 (R8)
;__Lib_GPIO_32F10x.c, 1036 :: 		
L_GPIO_Config50:
;__Lib_GPIO_32F10x.c, 1037 :: 		
L_end_GPIO_Config:
0x0414	0xF8DDE000  LDR	LR, [SP, #0]
0x0418	0xB001    ADD	SP, SP, #4
0x041A	0x4770    BX	LR
0x041C	0xFC00FFFF  	#-1024
0x0420	0x00140008  	#524308
0x0424	0x08000008  	#526336
; end of _GPIO_Config
_GPIO_Clk_Enable:
;__Lib_GPIO_32F10x.c, 850 :: 		
0x0134	0xB081    SUB	SP, SP, #4
;__Lib_GPIO_32F10x.c, 852 :: 		
0x0136	0x4919    LDR	R1, [PC, #100]
0x0138	0xEA000101  AND	R1, R0, R1, LSL #0
0x013C	0x4608    MOV	R0, R1
;__Lib_GPIO_32F10x.c, 853 :: 		
; pos start address is: 8 (R2)
0x013E	0x2200    MOVS	R2, #0
;__Lib_GPIO_32F10x.c, 854 :: 		
0x0140	0xE00E    B	L_GPIO_Clk_Enable0
; pos end address is: 8 (R2)
;__Lib_GPIO_32F10x.c, 855 :: 		
L_GPIO_Clk_Enable2:
0x0142	0x2004    MOVS	R0, #4
0x0144	0xE022    B	L_GPIO_Clk_Enable1
;__Lib_GPIO_32F10x.c, 856 :: 		
L_GPIO_Clk_Enable3:
0x0146	0x2008    MOVS	R0, #8
0x0148	0xE020    B	L_GPIO_Clk_Enable1
;__Lib_GPIO_32F10x.c, 857 :: 		
L_GPIO_Clk_Enable4:
0x014A	0x2010    MOVS	R0, #16
0x014C	0xE01E    B	L_GPIO_Clk_Enable1
;__Lib_GPIO_32F10x.c, 858 :: 		
L_GPIO_Clk_Enable5:
0x014E	0x2020    MOVS	R0, #32
0x0150	0xE01C    B	L_GPIO_Clk_Enable1
;__Lib_GPIO_32F10x.c, 859 :: 		
L_GPIO_Clk_Enable6:
0x0152	0x2040    MOVS	R0, #64
0x0154	0xE01A    B	L_GPIO_Clk_Enable1
;__Lib_GPIO_32F10x.c, 860 :: 		
L_GPIO_Clk_Enable7:
0x0156	0x2080    MOVS	R0, #128
0x0158	0xE018    B	L_GPIO_Clk_Enable1
;__Lib_GPIO_32F10x.c, 861 :: 		
L_GPIO_Clk_Enable8:
0x015A	0xF2401000  MOVW	R0, #256
0x015E	0xE015    B	L_GPIO_Clk_Enable1
;__Lib_GPIO_32F10x.c, 862 :: 		
L_GPIO_Clk_Enable0:
; pos start address is: 8 (R2)
0x0160	0x490F    LDR	R1, [PC, #60]
0x0162	0x4288    CMP	R0, R1
0x0164	0xD0ED    BEQ	L_GPIO_Clk_Enable2
0x0166	0x490F    LDR	R1, [PC, #60]
0x0168	0x4288    CMP	R0, R1
0x016A	0xD0EC    BEQ	L_GPIO_Clk_Enable3
0x016C	0x490E    LDR	R1, [PC, #56]
0x016E	0x4288    CMP	R0, R1
0x0170	0xD0EB    BEQ	L_GPIO_Clk_Enable4
0x0172	0x490E    LDR	R1, [PC, #56]
0x0174	0x4288    CMP	R0, R1
0x0176	0xD0EA    BEQ	L_GPIO_Clk_Enable5
0x0178	0x490D    LDR	R1, [PC, #52]
0x017A	0x4288    CMP	R0, R1
0x017C	0xD0E9    BEQ	L_GPIO_Clk_Enable6
0x017E	0x490D    LDR	R1, [PC, #52]
0x0180	0x4288    CMP	R0, R1
0x0182	0xD0E8    BEQ	L_GPIO_Clk_Enable7
0x0184	0x490C    LDR	R1, [PC, #48]
0x0186	0x4288    CMP	R0, R1
0x0188	0xD0E7    BEQ	L_GPIO_Clk_Enable8
; pos end address is: 8 (R2)
0x018A	0x4610    MOV	R0, R2
L_GPIO_Clk_Enable1:
;__Lib_GPIO_32F10x.c, 864 :: 		
0x018C	0x490B    LDR	R1, [PC, #44]
0x018E	0x6809    LDR	R1, [R1, #0]
0x0190	0xEA410200  ORR	R2, R1, R0, LSL #0
0x0194	0x4909    LDR	R1, [PC, #36]
0x0196	0x600A    STR	R2, [R1, #0]
;__Lib_GPIO_32F10x.c, 865 :: 		
L_end_GPIO_Clk_Enable:
0x0198	0xB001    ADD	SP, SP, #4
0x019A	0x4770    BX	LR
0x019C	0xFC00FFFF  	#-1024
0x01A0	0x08004001  	#1073809408
0x01A4	0x0C004001  	#1073810432
0x01A8	0x10004001  	#1073811456
0x01AC	0x14004001  	#1073812480
0x01B0	0x18004001  	#1073813504
0x01B4	0x1C004001  	#1073814528
0x01B8	0x20004001  	#1073815552
0x01BC	0x10184002  	RCC_APB2ENR+0
; end of _GPIO_Clk_Enable
_Delay_5500us:
;__Lib_Delays.c, 37 :: 		void Delay_5500us() {
;__Lib_Delays.c, 38 :: 		Delay_us(5500);
0x021C	0xF6431749  MOVW	R7, #14665
0x0220	0xF2C00700  MOVT	R7, #0
0x0224	0xBF00    NOP
0x0226	0xBF00    NOP
L_Delay_5500us12:
0x0228	0x1E7F    SUBS	R7, R7, #1
0x022A	0xD1FD    BNE	L_Delay_5500us12
0x022C	0xBF00    NOP
0x022E	0xBF00    NOP
;__Lib_Delays.c, 39 :: 		}
L_end_Delay_5500us:
0x0230	0x4770    BX	LR
; end of _Delay_5500us
_Delay_1us:
;__Lib_Delays.c, 13 :: 		void Delay_1us() {
;__Lib_Delays.c, 14 :: 		Delay_us(1);
0x01C0	0xF2400701  MOVW	R7, #1
0x01C4	0xF2C00700  MOVT	R7, #0
0x01C8	0xBF00    NOP
0x01CA	0xBF00    NOP
L_Delay_1us0:
0x01CC	0x1E7F    SUBS	R7, R7, #1
0x01CE	0xD1FD    BNE	L_Delay_1us0
0x01D0	0xBF00    NOP
0x01D2	0xBF00    NOP
;__Lib_Delays.c, 15 :: 		}
L_end_Delay_1us:
0x01D4	0x4770    BX	LR
; end of _Delay_1us
_Lcd_Cmd:
;__Lib_Lcd.c, 11 :: 		
0x06DC	0xB088    SUB	SP, SP, #32
0x06DE	0xF8CDE000  STR	LR, [SP, #0]
;__Lib_Lcd.c, 13 :: 		
0x06E2	0xF3C012C0  UBFX	R2, R0, #7, #1
0x06E6	0x4929    LDR	R1, [PC, #164]
0x06E8	0x9107    STR	R1, [SP, #28]
0x06EA	0x600A    STR	R2, [R1, #0]
;__Lib_Lcd.c, 14 :: 		
0x06EC	0xF3C01280  UBFX	R2, R0, #6, #1
0x06F0	0x4927    LDR	R1, [PC, #156]
0x06F2	0x9106    STR	R1, [SP, #24]
0x06F4	0x600A    STR	R2, [R1, #0]
;__Lib_Lcd.c, 15 :: 		
0x06F6	0xF3C01240  UBFX	R2, R0, #5, #1
0x06FA	0x4926    LDR	R1, [PC, #152]
0x06FC	0x9105    STR	R1, [SP, #20]
0x06FE	0x600A    STR	R2, [R1, #0]
;__Lib_Lcd.c, 16 :: 		
0x0700	0xF3C01200  UBFX	R2, R0, #4, #1
0x0704	0x4924    LDR	R1, [PC, #144]
0x0706	0x9104    STR	R1, [SP, #16]
0x0708	0x600A    STR	R2, [R1, #0]
;__Lib_Lcd.c, 18 :: 		
0x070A	0x4A24    LDR	R2, [PC, #144]
0x070C	0x9203    STR	R2, [SP, #12]
0x070E	0x6811    LDR	R1, [R2, #0]
0x0710	0xF0810201  EOR	R2, R1, #1
0x0714	0x4922    LDR	R1, [PC, #136]
0x0716	0x9102    STR	R1, [SP, #8]
0x0718	0x600A    STR	R2, [R1, #0]
;__Lib_Lcd.c, 21 :: 		
0x071A	0x2201    MOVS	R2, #1
0x071C	0xB252    SXTB	R2, R2
0x071E	0x4921    LDR	R1, [PC, #132]
0x0720	0x9101    STR	R1, [SP, #4]
0x0722	0x600A    STR	R2, [R1, #0]
;__Lib_Lcd.c, 22 :: 		
0x0724	0xF7FFFD4C  BL	_Delay_1us+0
;__Lib_Lcd.c, 23 :: 		
0x0728	0x2200    MOVS	R2, #0
0x072A	0xB252    SXTB	R2, R2
0x072C	0x491D    LDR	R1, [PC, #116]
0x072E	0x600A    STR	R2, [R1, #0]
;__Lib_Lcd.c, 26 :: 		
0x0730	0xF3C002C0  UBFX	R2, R0, #3, #1
0x0734	0x9907    LDR	R1, [SP, #28]
0x0736	0x600A    STR	R2, [R1, #0]
;__Lib_Lcd.c, 27 :: 		
0x0738	0xF3C00280  UBFX	R2, R0, #2, #1
0x073C	0x9906    LDR	R1, [SP, #24]
0x073E	0x600A    STR	R2, [R1, #0]
;__Lib_Lcd.c, 28 :: 		
0x0740	0xF3C00240  UBFX	R2, R0, #1, #1
0x0744	0x9905    LDR	R1, [SP, #20]
0x0746	0x600A    STR	R2, [R1, #0]
;__Lib_Lcd.c, 29 :: 		
0x0748	0xF3C00200  UBFX	R2, R0, #0, #1
0x074C	0x9904    LDR	R1, [SP, #16]
0x074E	0x600A    STR	R2, [R1, #0]
;__Lib_Lcd.c, 31 :: 		
0x0750	0x9903    LDR	R1, [SP, #12]
0x0752	0x460A    MOV	R2, R1
0x0754	0x6811    LDR	R1, [R2, #0]
0x0756	0xF0810201  EOR	R2, R1, #1
0x075A	0x9902    LDR	R1, [SP, #8]
0x075C	0x600A    STR	R2, [R1, #0]
;__Lib_Lcd.c, 33 :: 		
0x075E	0x2201    MOVS	R2, #1
0x0760	0xB252    SXTB	R2, R2
0x0762	0x9901    LDR	R1, [SP, #4]
0x0764	0x600A    STR	R2, [R1, #0]
;__Lib_Lcd.c, 34 :: 		
0x0766	0xF7FFFD2B  BL	_Delay_1us+0
;__Lib_Lcd.c, 35 :: 		
0x076A	0x2200    MOVS	R2, #0
0x076C	0xB252    SXTB	R2, R2
0x076E	0x490D    LDR	R1, [PC, #52]
0x0770	0x600A    STR	R2, [R1, #0]
;__Lib_Lcd.c, 37 :: 		
0x0772	0x9903    LDR	R1, [SP, #12]
0x0774	0x460A    MOV	R2, R1
0x0776	0x6811    LDR	R1, [R2, #0]
0x0778	0xB111    CBZ	R1, L_Lcd_Cmd0
;__Lib_Lcd.c, 38 :: 		
0x077A	0xF7FFFD4F  BL	_Delay_5500us+0
0x077E	0xE001    B	L_Lcd_Cmd1
L_Lcd_Cmd0:
;__Lib_Lcd.c, 40 :: 		
0x0780	0xF7FFFD3E  BL	_Delay_50us+0
L_Lcd_Cmd1:
;__Lib_Lcd.c, 41 :: 		
L_end_Lcd_Cmd:
0x0784	0xF8DDE000  LDR	LR, [SP, #0]
0x0788	0xB008    ADD	SP, SP, #32
0x078A	0x4770    BX	LR
0x078C	0x81BC4221  	LCD_D7+0
0x0790	0x81B84221  	LCD_D6+0
0x0794	0x81B44221  	LCD_D5+0
0x0798	0x81B04221  	LCD_D4+0
0x079C	0x05C02200  	__Lib_Lcd_cmd_status+0
0x07A0	0x81A84221  	LCD_RS+0
0x07A4	0x81AC4221  	LCD_EN+0
; end of _Lcd_Cmd
_Delay_50us:
;__Lib_Delays.c, 25 :: 		void Delay_50us() {
;__Lib_Delays.c, 26 :: 		Delay_us(50);
0x0200	0xF2400783  MOVW	R7, #131
0x0204	0xF2C00700  MOVT	R7, #0
0x0208	0xBF00    NOP
0x020A	0xBF00    NOP
L_Delay_50us6:
0x020C	0x1E7F    SUBS	R7, R7, #1
0x020E	0xD1FD    BNE	L_Delay_50us6
0x0210	0xBF00    NOP
0x0212	0xBF00    NOP
0x0214	0xBF00    NOP
0x0216	0xBF00    NOP
;__Lib_Delays.c, 27 :: 		}
L_end_Delay_50us:
0x0218	0x4770    BX	LR
; end of _Delay_50us
_Lcd_Out:
;__Lib_Lcd.c, 218 :: 		
; text start address is: 8 (R2)
; column start address is: 4 (R1)
0x07A8	0xB081    SUB	SP, SP, #4
0x07AA	0xF8CDE000  STR	LR, [SP, #0]
0x07AE	0x4615    MOV	R5, R2
; text end address is: 8 (R2)
; column end address is: 4 (R1)
; column start address is: 4 (R1)
; text start address is: 20 (R5)
;__Lib_Lcd.c, 221 :: 		
0x07B0	0xE009    B	L_Lcd_Out11
;__Lib_Lcd.c, 222 :: 		
L_Lcd_Out13:
0x07B2	0x2080    MOVS	R0, #128
0x07B4	0xE010    B	L_Lcd_Out12
;__Lib_Lcd.c, 223 :: 		
L_Lcd_Out14:
0x07B6	0x20C0    MOVS	R0, #192
0x07B8	0xE00E    B	L_Lcd_Out12
;__Lib_Lcd.c, 224 :: 		
L_Lcd_Out15:
0x07BA	0x2094    MOVS	R0, #148
0x07BC	0xE00C    B	L_Lcd_Out12
;__Lib_Lcd.c, 225 :: 		
L_Lcd_Out16:
0x07BE	0x20D4    MOVS	R0, #212
0x07C0	0xE00A    B	L_Lcd_Out12
;__Lib_Lcd.c, 226 :: 		
L_Lcd_Out17:
0x07C2	0x2080    MOVS	R0, #128
;__Lib_Lcd.c, 227 :: 		
0x07C4	0xE008    B	L_Lcd_Out12
L_Lcd_Out11:
0x07C6	0x2801    CMP	R0, #1
0x07C8	0xD0F3    BEQ	L_Lcd_Out13
0x07CA	0x2802    CMP	R0, #2
0x07CC	0xD0F3    BEQ	L_Lcd_Out14
0x07CE	0x2803    CMP	R0, #3
0x07D0	0xD0F3    BEQ	L_Lcd_Out15
0x07D2	0x2804    CMP	R0, #4
0x07D4	0xD0F3    BEQ	L_Lcd_Out16
0x07D6	0xE7F4    B	L_Lcd_Out17
L_Lcd_Out12:
;__Lib_Lcd.c, 228 :: 		
0x07D8	0x1E4B    SUBS	R3, R1, #1
0x07DA	0xB21B    SXTH	R3, R3
; column end address is: 4 (R1)
0x07DC	0x18C3    ADDS	R3, R0, R3
;__Lib_Lcd.c, 230 :: 		
0x07DE	0xB2D8    UXTB	R0, R3
0x07E0	0xF7FFFF7C  BL	_Lcd_Cmd+0
;__Lib_Lcd.c, 231 :: 		
0x07E4	0x2400    MOVS	R4, #0
0x07E6	0xB264    SXTB	R4, R4
0x07E8	0x4B0B    LDR	R3, [PC, #44]
0x07EA	0x601C    STR	R4, [R3, #0]
;__Lib_Lcd.c, 232 :: 		
0x07EC	0x2000    MOVS	R0, #0
; text end address is: 20 (R5)
0x07EE	0x462C    MOV	R4, R5
0x07F0	0xB2C5    UXTB	R5, R0
;__Lib_Lcd.c, 233 :: 		
L_Lcd_Out18:
; i start address is: 20 (R5)
; text start address is: 16 (R4)
0x07F2	0x1963    ADDS	R3, R4, R5
0x07F4	0x781B    LDRB	R3, [R3, #0]
0x07F6	0xB13B    CBZ	R3, L_Lcd_Out19
;__Lib_Lcd.c, 234 :: 		
0x07F8	0x1963    ADDS	R3, R4, R5
0x07FA	0x781B    LDRB	R3, [R3, #0]
0x07FC	0xB2D8    UXTB	R0, R3
0x07FE	0xF7FFFCEB  BL	_Lcd_Chr_CP+0
0x0802	0x1C6D    ADDS	R5, R5, #1
0x0804	0xB2ED    UXTB	R5, R5
; text end address is: 16 (R4)
; i end address is: 20 (R5)
0x0806	0xE7F4    B	L_Lcd_Out18
L_Lcd_Out19:
;__Lib_Lcd.c, 235 :: 		
0x0808	0x2401    MOVS	R4, #1
0x080A	0xB264    SXTB	R4, R4
0x080C	0x4B02    LDR	R3, [PC, #8]
0x080E	0x601C    STR	R4, [R3, #0]
;__Lib_Lcd.c, 236 :: 		
L_end_Lcd_Out:
0x0810	0xF8DDE000  LDR	LR, [SP, #0]
0x0814	0xB001    ADD	SP, SP, #4
0x0816	0x4770    BX	LR
0x0818	0x05C02200  	__Lib_Lcd_cmd_status+0
; end of _Lcd_Out
_Lcd_Chr_CP:
;__Lib_Lcd.c, 43 :: 		
0x01D8	0xB081    SUB	SP, SP, #4
0x01DA	0xF8CDE000  STR	LR, [SP, #0]
;__Lib_Lcd.c, 45 :: 		
0x01DE	0x2200    MOVS	R2, #0
0x01E0	0xB252    SXTB	R2, R2
0x01E2	0x4906    LDR	R1, [PC, #24]
0x01E4	0x600A    STR	R2, [R1, #0]
;__Lib_Lcd.c, 46 :: 		
0x01E6	0xF000FA79  BL	_Lcd_Cmd+0
;__Lib_Lcd.c, 47 :: 		
0x01EA	0x2201    MOVS	R2, #1
0x01EC	0xB252    SXTB	R2, R2
0x01EE	0x4903    LDR	R1, [PC, #12]
0x01F0	0x600A    STR	R2, [R1, #0]
;__Lib_Lcd.c, 48 :: 		
L_end_Lcd_Chr_CP:
0x01F2	0xF8DDE000  LDR	LR, [SP, #0]
0x01F6	0xB001    ADD	SP, SP, #4
0x01F8	0x4770    BX	LR
0x01FA	0xBF00    NOP
0x01FC	0x05C02200  	__Lib_Lcd_cmd_status+0
; end of _Lcd_Chr_CP
_Move_Delay:
;lcd_pru.c, 20 :: 		void Move_Delay() {                  // Function donde movera texto
;lcd_pru.c, 21 :: 		Delay_ms(750);                     // cargara a la velocidad que se movera el texto
0x0428	0xF248477E  MOVW	R7, #33918
0x042C	0xF2C0071E  MOVT	R7, #30
0x0430	0xBF00    NOP
0x0432	0xBF00    NOP
L_Move_Delay0:
0x0434	0x1E7F    SUBS	R7, R7, #1
0x0436	0xD1FD    BNE	L_Move_Delay0
0x0438	0xBF00    NOP
0x043A	0xBF00    NOP
0x043C	0xBF00    NOP
;lcd_pru.c, 22 :: 		}
L_end_Move_Delay:
0x043E	0x4770    BX	LR
; end of _Move_Delay
___CC2DW:
;__Lib_System_100.c, 21 :: 		
0x0440	0xB081    SUB	SP, SP, #4
;__Lib_System_100.c, 23 :: 		
L_loopDW:
;__Lib_System_100.c, 24 :: 		
0x0442	0xF81C9B01  LDRB	R9, [R12], #1
;__Lib_System_100.c, 25 :: 		
0x0446	0xF80B9B01  STRB	R9, [R11], #1
;__Lib_System_100.c, 26 :: 		
0x044A	0xEBBB0F0A  CMP	R11, R10, LSL #0
;__Lib_System_100.c, 27 :: 		
0x044E	0xD1F8    BNE	L_loopDW
;__Lib_System_100.c, 29 :: 		
L_end___CC2DW:
0x0450	0xB001    ADD	SP, SP, #4
0x0452	0x4770    BX	LR
; end of ___CC2DW
___FillZeros:
;__Lib_System_100.c, 63 :: 		
0x0454	0xB081    SUB	SP, SP, #4
;__Lib_System_100.c, 65 :: 		
0x0456	0xF04F0900  MOV	R9, #0
;__Lib_System_100.c, 66 :: 		
0x045A	0xF04F0C00  MOV	R12, #0
;__Lib_System_100.c, 67 :: 		
0x045E	0xEBBD0F0A  CMP	SP, R10, LSL #0
;__Lib_System_100.c, 68 :: 		
0x0462	0xDC04    BGT	L_loopFZs
;__Lib_System_100.c, 69 :: 		
0x0464	0xEBBD0F0B  CMP	SP, R11, LSL #0
;__Lib_System_100.c, 70 :: 		
0x0468	0xDB01    BLT	L_loopFZs
;__Lib_System_100.c, 71 :: 		
0x046A	0x46D4    MOV	R12, R10
;__Lib_System_100.c, 72 :: 		
0x046C	0x46EA    MOV	R10, SP
;__Lib_System_100.c, 73 :: 		
L_loopFZs:
;__Lib_System_100.c, 74 :: 		
0x046E	0xF84B9B04  STR	R9, [R11], #4
;__Lib_System_100.c, 75 :: 		
0x0472	0xEBBB0F0A  CMP	R11, R10, LSL #0
;__Lib_System_100.c, 76 :: 		
0x0476	0xD1FA    BNE	L_loopFZs
;__Lib_System_100.c, 77 :: 		
0x0478	0xEBBC0F0A  CMP	R12, R10, LSL #0
;__Lib_System_100.c, 78 :: 		
0x047C	0xDD05    BLE	L_norep
;__Lib_System_100.c, 79 :: 		
0x047E	0x46E2    MOV	R10, R12
;__Lib_System_100.c, 80 :: 		
0x0480	0xF8D9B000  LDR	R11, [R9, #0]
;__Lib_System_100.c, 81 :: 		
0x0484	0xF10B0B04  ADD	R11, R11, #4
;__Lib_System_100.c, 82 :: 		
0x0488	0xE7F1    B	L_loopFZs
;__Lib_System_100.c, 83 :: 		
L_norep:
;__Lib_System_100.c, 85 :: 		
L_end___FillZeros:
0x048A	0xB001    ADD	SP, SP, #4
0x048C	0x4770    BX	LR
; end of ___FillZeros
__Lib_System_100_InitialSetUpRCCRCC2:
;__Lib_System_100.c, 298 :: 		
0x0934	0xB082    SUB	SP, SP, #8
;__Lib_System_100.c, 300 :: 		
; ulRCC_CR start address is: 8 (R2)
0x0936	0x4A21    LDR	R2, [PC, #132]
;__Lib_System_100.c, 301 :: 		
0x0938	0x4821    LDR	R0, [PC, #132]
0x093A	0x9001    STR	R0, [SP, #4]
;__Lib_System_100.c, 302 :: 		
; ulRCC_CFGR2 start address is: 12 (R3)
0x093C	0x4B21    LDR	R3, [PC, #132]
;__Lib_System_100.c, 304 :: 		
0x093E	0x9901    LDR	R1, [SP, #4]
0x0940	0x4821    LDR	R0, [PC, #132]
0x0942	0x6001    STR	R1, [R0, #0]
;__Lib_System_100.c, 305 :: 		
0x0944	0x4821    LDR	R0, [PC, #132]
0x0946	0x6003    STR	R3, [R0, #0]
; ulRCC_CFGR2 end address is: 12 (R3)
;__Lib_System_100.c, 306 :: 		
0x0948	0x4821    LDR	R0, [PC, #132]
0x094A	0xEA020100  AND	R1, R2, R0, LSL #0
0x094E	0x4821    LDR	R0, [PC, #132]
0x0950	0x6001    STR	R1, [R0, #0]
;__Lib_System_100.c, 308 :: 		
0x0952	0xF0020001  AND	R0, R2, #1
0x0956	0xB140    CBZ	R0, L___Lib_System_100_InitialSetUpRCCRCC239
; ulRCC_CR end address is: 8 (R2)
0x0958	0x4611    MOV	R1, R2
;__Lib_System_100.c, 309 :: 		
L___Lib_System_100_InitialSetUpRCCRCC229:
; ulRCC_CR start address is: 4 (R1)
0x095A	0x481E    LDR	R0, [PC, #120]
0x095C	0x6800    LDR	R0, [R0, #0]
0x095E	0xF0000002  AND	R0, R0, #2
0x0962	0xB900    CBNZ	R0, L___Lib_System_100_InitialSetUpRCCRCC230
;__Lib_System_100.c, 310 :: 		
0x0964	0xE7F9    B	L___Lib_System_100_InitialSetUpRCCRCC229
L___Lib_System_100_InitialSetUpRCCRCC230:
;__Lib_System_100.c, 311 :: 		
0x0966	0x460A    MOV	R2, R1
0x0968	0xE7FF    B	L___Lib_System_100_InitialSetUpRCCRCC228
; ulRCC_CR end address is: 4 (R1)
L___Lib_System_100_InitialSetUpRCCRCC239:
;__Lib_System_100.c, 308 :: 		
;__Lib_System_100.c, 311 :: 		
L___Lib_System_100_InitialSetUpRCCRCC228:
;__Lib_System_100.c, 313 :: 		
; ulRCC_CR start address is: 8 (R2)
0x096A	0xF4023080  AND	R0, R2, #65536
0x096E	0xB140    CBZ	R0, L___Lib_System_100_InitialSetUpRCCRCC240
; ulRCC_CR end address is: 8 (R2)
0x0970	0x4611    MOV	R1, R2
;__Lib_System_100.c, 314 :: 		
L___Lib_System_100_InitialSetUpRCCRCC232:
; ulRCC_CR start address is: 4 (R1)
0x0972	0x4818    LDR	R0, [PC, #96]
0x0974	0x6800    LDR	R0, [R0, #0]
0x0976	0xF4003000  AND	R0, R0, #131072
0x097A	0x2800    CMP	R0, #0
0x097C	0xD100    BNE	L___Lib_System_100_InitialSetUpRCCRCC233
;__Lib_System_100.c, 315 :: 		
0x097E	0xE7F8    B	L___Lib_System_100_InitialSetUpRCCRCC232
L___Lib_System_100_InitialSetUpRCCRCC233:
;__Lib_System_100.c, 316 :: 		
0x0980	0xE000    B	L___Lib_System_100_InitialSetUpRCCRCC231
; ulRCC_CR end address is: 4 (R1)
L___Lib_System_100_InitialSetUpRCCRCC240:
;__Lib_System_100.c, 313 :: 		
0x0982	0x4611    MOV	R1, R2
;__Lib_System_100.c, 316 :: 		
L___Lib_System_100_InitialSetUpRCCRCC231:
;__Lib_System_100.c, 318 :: 		
; ulRCC_CR start address is: 4 (R1)
0x0984	0xF0017080  AND	R0, R1, #16777216
; ulRCC_CR end address is: 4 (R1)
0x0988	0xB158    CBZ	R0, L___Lib_System_100_InitialSetUpRCCRCC234
;__Lib_System_100.c, 319 :: 		
0x098A	0x4812    LDR	R0, [PC, #72]
0x098C	0x6800    LDR	R0, [R0, #0]
0x098E	0xF0407180  ORR	R1, R0, #16777216
0x0992	0x4810    LDR	R0, [PC, #64]
0x0994	0x6001    STR	R1, [R0, #0]
;__Lib_System_100.c, 320 :: 		
L___Lib_System_100_InitialSetUpRCCRCC235:
0x0996	0x480F    LDR	R0, [PC, #60]
0x0998	0x6800    LDR	R0, [R0, #0]
0x099A	0xF0007000  AND	R0, R0, #33554432
0x099E	0xB900    CBNZ	R0, L___Lib_System_100_InitialSetUpRCCRCC236
;__Lib_System_100.c, 321 :: 		
0x09A0	0xE7F9    B	L___Lib_System_100_InitialSetUpRCCRCC235
L___Lib_System_100_InitialSetUpRCCRCC236:
;__Lib_System_100.c, 322 :: 		
L___Lib_System_100_InitialSetUpRCCRCC234:
;__Lib_System_100.c, 325 :: 		
L___Lib_System_100_InitialSetUpRCCRCC237:
0x09A2	0x4809    LDR	R0, [PC, #36]
0x09A4	0x6800    LDR	R0, [R0, #0]
0x09A6	0xF000010C  AND	R1, R0, #12
0x09AA	0x9801    LDR	R0, [SP, #4]
0x09AC	0x0080    LSLS	R0, R0, #2
0x09AE	0xF000000C  AND	R0, R0, #12
0x09B2	0x4281    CMP	R1, R0
0x09B4	0xD000    BEQ	L___Lib_System_100_InitialSetUpRCCRCC238
;__Lib_System_100.c, 326 :: 		
0x09B6	0xE7F4    B	L___Lib_System_100_InitialSetUpRCCRCC237
L___Lib_System_100_InitialSetUpRCCRCC238:
;__Lib_System_100.c, 328 :: 		
L_end_InitialSetUpRCCRCC2:
0x09B8	0xB002    ADD	SP, SP, #8
0x09BA	0x4770    BX	LR
0x09BC	0x00810000  	#129
0x09C0	0x00000000  	#0
0x09C4	0x00000000  	#0
0x09C8	0x10044002  	RCC_CFGR+0
0x09CC	0x102C4002  	RCC_CFGR2+0
0x09D0	0xFFFF000F  	#1048575
0x09D4	0x10004002  	RCC_CR+0
; end of __Lib_System_100_InitialSetUpRCCRCC2
__Lib_System_100_InitialSetUpFosc:
;__Lib_System_100.c, 330 :: 		
0x081C	0xB081    SUB	SP, SP, #4
;__Lib_System_100.c, 331 :: 		
0x081E	0x4902    LDR	R1, [PC, #8]
0x0820	0x4802    LDR	R0, [PC, #8]
0x0822	0x6001    STR	R1, [R0, #0]
;__Lib_System_100.c, 332 :: 		
L_end_InitialSetUpFosc:
0x0824	0xB001    ADD	SP, SP, #4
0x0826	0x4770    BX	LR
0x0828	0x1F400000  	#8000
0x082C	0x00302000  	___System_CLOCK_IN_KHZ+0
; end of __Lib_System_100_InitialSetUpFosc
___GenExcept:
;__Lib_System_100.c, 262 :: 		
0x0830	0xB081    SUB	SP, SP, #4
;__Lib_System_100.c, 263 :: 		
L___GenExcept24:
0x0832	0xE7FE    B	L___GenExcept24
;__Lib_System_100.c, 264 :: 		
L_end___GenExcept:
0x0834	0xB001    ADD	SP, SP, #4
0x0836	0x4770    BX	LR
; end of ___GenExcept
0x0A08	0xB500    PUSH	(R14)
0x0A0A	0xF2400B00  MOVW	R11, #0
0x0A0E	0xF2C20B00  MOVT	R11, #8192
0x0A12	0xF2400A2D  MOVW	R10, #45
0x0A16	0xF2C20A00  MOVT	R10, #8192
0x0A1A	0xF6401CD8  MOVW	R12, #2520
0x0A1E	0xF2C00C00  MOVT	R12, #0
0x0A22	0xF7FFFD0D  BL	1088
0x0A26	0xBD00    POP	(R15)
0x0A28	0x4770    BX	LR
0x0A88	0xB500    PUSH	(R14)
0x0A8A	0xF2400B00  MOVW	R11, #0
0x0A8E	0xF2C20B00  MOVT	R11, #8192
0x0A92	0xF2400A34  MOVW	R10, #52
0x0A96	0xF2C20A00  MOVT	R10, #8192
0x0A9A	0xF7FFFCDB  BL	1108
0x0A9E	0xBD00    POP	(R15)
0x0AA0	0x4770    BX	LR
;lcd_pru.c,0 :: ?ICS_txt3 [8]
0x09D8	0x7373654D ;?ICS_txt3+0
0x09DC	0x00656761 ;?ICS_txt3+4
; end of ?ICS_txt3
;lcd_pru.c,0 :: ?ICS_txt4 [10]
0x09E0	0x6D6F7266 ;?ICS_txt4+0
0x09E4	0x52315020 ;?ICS_txt4+4
0x09E8	0x0030 ;?ICS_txt4+8
; end of ?ICS_txt4
;lcd_pru.c,0 :: ?ICS_txt1 [12]
0x09EA	0x6972614D ;?ICS_txt1+0
0x09EE	0x206D6179 ;?ICS_txt1+4
0x09F2	0x00736168 ;?ICS_txt1+8
; end of ?ICS_txt1
;lcd_pru.c,0 :: ?ICS_txt2 [15]
0x09F6	0x75616562 ;?ICS_txt2+0
0x09FA	0x75666974 ;?ICS_txt2+4
0x09FE	0x7965206C ;?ICS_txt2+8
0x0A02	0x007365 ;?ICS_txt2+12
; end of ?ICS_txt2
Symbol List:
//** Routines locations **
//ADDRESS    SIZE    PROCEDURE
//----------------------------------------------
0x0134     [140]    _GPIO_Clk_Enable
0x01C0      [22]    _Delay_1us
0x01D8      [40]    _Lcd_Chr_CP
0x0200      [26]    _Delay_50us
0x021C      [22]    _Delay_5500us
0x0234     [500]    _GPIO_Config
0x0428      [24]    _Move_Delay
0x0440      [20]    ___CC2DW
0x0454      [58]    ___FillZeros
0x0490     [588]    _Lcd_Init
0x06DC     [204]    _Lcd_Cmd
0x07A8     [116]    _Lcd_Out
0x081C      [20]    __Lib_System_100_InitialSetUpFosc
0x0830       [8]    ___GenExcept
0x0838     [252]    _main
0x0934     [164]    __Lib_System_100_InitialSetUpRCCRCC2
//** Variables locations ** 
//ADDRESS    SIZE    VARIABLE
//----------------------------------------------
0x20000000       [8]    _txt3
0x20000008      [10]    _txt4
0x20000012      [12]    _txt1
0x2000001E      [15]    _txt2
0x2000002D       [1]    _i
0x2000002E       [0]    __Lib_Lcd_cmd_status
0x20000030       [4]    ___System_CLOCK_IN_KHZ
//** Constants locations ** 
//ADDRESS    SIZE    CONSTANT
//----------------------------------------------
0x09D8       [8]    ?ICS_txt3
0x09E0      [10]    ?ICS_txt4
0x09EA      [12]    ?ICS_txt1
0x09F6      [15]    ?ICS_txt2
